{"/home/travis/build/npmtest/node-npmtest-express-hbs/test.js":{"path":"/home/travis/build/npmtest/node-npmtest-express-hbs/test.js","s":{"1":2,"2":2,"3":2,"4":2,"5":2,"6":2,"7":2,"8":1,"9":2,"10":2,"11":1,"12":1,"13":1,"14":1,"15":2,"16":2,"17":2,"18":2,"19":1,"20":1,"21":2,"22":2,"23":2,"24":1,"25":1,"26":1,"27":1,"28":1,"29":1,"30":1,"31":1,"32":1,"33":1,"34":1,"35":1,"36":1,"37":1,"38":1,"39":2,"40":2,"41":1,"42":2,"43":2,"44":1,"45":2,"46":2,"47":1,"48":2,"49":2,"50":1,"51":1,"52":1,"53":1,"54":1},"b":{"1":[2,1,1,1],"2":[1,1,1,1],"3":[1,1],"4":[1,1],"5":[1,1],"6":[1,1],"7":[1,1],"8":[1,1],"9":[1,1],"10":[1,1,1],"11":[1,1],"12":[1,1],"13":[1,1],"14":[1,1],"15":[1,1],"16":[1,1],"17":[1,1]},"f":{"1":2,"2":2,"3":2,"4":2,"5":2,"6":1,"7":1,"8":1,"9":2,"10":2,"11":2,"12":2,"13":1},"fnMap":{"1":{"name":"(anonymous_1)","line":12,"loc":{"start":{"line":12,"column":1},"end":{"line":12,"column":13}}},"2":{"name":"(anonymous_2)","line":19,"loc":{"start":{"line":19,"column":5},"end":{"line":19,"column":17}}},"3":{"name":"(anonymous_3)","line":23,"loc":{"start":{"line":23,"column":24},"end":{"line":23,"column":36}}},"4":{"name":"(anonymous_4)","line":61,"loc":{"start":{"line":61,"column":5},"end":{"line":61,"column":17}}},"5":{"name":"(anonymous_5)","line":82,"loc":{"start":{"line":82,"column":5},"end":{"line":82,"column":17}}},"6":{"name":"(anonymous_6)","line":91,"loc":{"start":{"line":91,"column":77},"end":{"line":94,"column":10}}},"7":{"name":"(anonymous_7)","line":112,"loc":{"start":{"line":112,"column":83},"end":{"line":115,"column":10}},"skip":true},"8":{"name":"(anonymous_8)","line":123,"loc":{"start":{"line":123,"column":77},"end":{"line":126,"column":10}},"skip":true},"9":{"name":"(anonymous_9)","line":139,"loc":{"start":{"line":139,"column":12},"end":{"line":139,"column":40}},"skip":true},"10":{"name":"(anonymous_10)","line":147,"loc":{"start":{"line":147,"column":77},"end":{"line":150,"column":10}},"skip":true},"11":{"name":"(anonymous_11)","line":158,"loc":{"start":{"line":158,"column":83},"end":{"line":161,"column":10}},"skip":true},"12":{"name":"(anonymous_12)","line":169,"loc":{"start":{"line":169,"column":79},"end":{"line":172,"column":10}},"skip":true},"13":{"name":"(anonymous_13)","line":180,"loc":{"start":{"line":180,"column":75},"end":{"line":183,"column":10}},"skip":true}},"statementMap":{"1":{"start":{"line":12,"column":0},"end":{"line":195,"column":5}},"2":{"start":{"line":14,"column":4},"end":{"line":14,"column":14}},"3":{"start":{"line":19,"column":4},"end":{"line":56,"column":9}},"4":{"start":{"line":21,"column":8},"end":{"line":21,"column":19}},"5":{"start":{"line":23,"column":8},"end":{"line":35,"column":13}},"6":{"start":{"line":24,"column":12},"end":{"line":34,"column":13}},"7":{"start":{"line":25,"column":16},"end":{"line":28,"column":30}},"8":{"start":{"line":30,"column":16},"end":{"line":33,"column":27}},"9":{"start":{"line":37,"column":8},"end":{"line":39,"column":21}},"10":{"start":{"line":40,"column":8},"end":{"line":53,"column":9}},"11":{"start":{"line":43,"column":12},"end":{"line":46,"column":14}},"12":{"start":{"line":47,"column":12},"end":{"line":47,"column":18}},"13":{"start":{"line":50,"column":12},"end":{"line":51,"column":46}},"14":{"start":{"line":52,"column":12},"end":{"line":52,"column":18}},"15":{"start":{"line":55,"column":8},"end":{"line":55,"column":35}},"16":{"start":{"line":61,"column":4},"end":{"line":63,"column":9}},"17":{"start":{"line":62,"column":8},"end":{"line":62,"column":15}},"18":{"start":{"line":64,"column":4},"end":{"line":77,"column":5}},"19":{"start":{"line":70,"column":8},"end":{"line":70,"column":14}},"20":{"start":{"line":76,"column":8},"end":{"line":76,"column":14}},"21":{"start":{"line":82,"column":4},"end":{"line":84,"column":9}},"22":{"start":{"line":83,"column":8},"end":{"line":83,"column":15}},"23":{"start":{"line":85,"column":4},"end":{"line":194,"column":5}},"24":{"start":{"line":91,"column":8},"end":{"line":99,"column":10}},"25":{"start":{"line":98,"column":12},"end":{"line":98,"column":35}},"26":{"start":{"line":102,"column":8},"end":{"line":104,"column":63}},"27":{"start":{"line":105,"column":8},"end":{"line":105,"column":14}},"28":{"start":{"line":112,"column":8},"end":{"line":121,"column":10},"skip":true},"29":{"start":{"line":119,"column":12},"end":{"line":119,"column":55},"skip":true},"30":{"start":{"line":120,"column":12},"end":{"line":120,"column":48},"skip":true},"31":{"start":{"line":123,"column":8},"end":{"line":136,"column":10},"skip":true},"32":{"start":{"line":130,"column":12},"end":{"line":130,"column":76},"skip":true},"33":{"start":{"line":131,"column":12},"end":{"line":131,"column":73},"skip":true},"34":{"start":{"line":132,"column":12},"end":{"line":132,"column":74},"skip":true},"35":{"start":{"line":133,"column":12},"end":{"line":133,"column":79},"skip":true},"36":{"start":{"line":134,"column":12},"end":{"line":134,"column":25},"skip":true},"37":{"start":{"line":135,"column":12},"end":{"line":135,"column":45},"skip":true},"38":{"start":{"line":138,"column":8},"end":{"line":145,"column":14},"skip":true},"39":{"start":{"line":143,"column":16},"end":{"line":143,"column":29},"skip":true},"40":{"start":{"line":144,"column":16},"end":{"line":144,"column":55},"skip":true},"41":{"start":{"line":147,"column":8},"end":{"line":156,"column":10},"skip":true},"42":{"start":{"line":154,"column":12},"end":{"line":154,"column":25},"skip":true},"43":{"start":{"line":155,"column":12},"end":{"line":155,"column":45},"skip":true},"44":{"start":{"line":158,"column":8},"end":{"line":167,"column":10},"skip":true},"45":{"start":{"line":165,"column":12},"end":{"line":165,"column":25},"skip":true},"46":{"start":{"line":166,"column":12},"end":{"line":166,"column":48},"skip":true},"47":{"start":{"line":169,"column":8},"end":{"line":178,"column":10},"skip":true},"48":{"start":{"line":176,"column":12},"end":{"line":176,"column":25},"skip":true},"49":{"start":{"line":177,"column":12},"end":{"line":177,"column":46},"skip":true},"50":{"start":{"line":180,"column":8},"end":{"line":189,"column":10},"skip":true},"51":{"start":{"line":187,"column":12},"end":{"line":187,"column":94},"skip":true},"52":{"start":{"line":188,"column":12},"end":{"line":188,"column":48},"skip":true},"53":{"start":{"line":192,"column":8},"end":{"line":192,"column":35},"skip":true},"54":{"start":{"line":193,"column":8},"end":{"line":193,"column":14},"skip":true}},"branchMap":{"1":{"line":25,"type":"binary-expr","locations":[{"start":{"line":25,"column":23},"end":{"line":25,"column":62}},{"start":{"line":26,"column":20},"end":{"line":26,"column":70}},{"start":{"line":27,"column":20},"end":{"line":27,"column":71}},{"start":{"line":28,"column":20},"end":{"line":28,"column":29}}]},"2":{"line":30,"type":"binary-expr","locations":[{"start":{"line":30,"column":23},"end":{"line":30,"column":37}},{"start":{"line":31,"column":20},"end":{"line":31,"column":61}},{"start":{"line":32,"column":20},"end":{"line":32,"column":70}},{"start":{"line":33,"column":20},"end":{"line":33,"column":26}}]},"3":{"line":37,"type":"cond-expr","locations":[{"start":{"line":38,"column":14},"end":{"line":38,"column":20}},{"start":{"line":39,"column":14},"end":{"line":39,"column":20}}]},"4":{"line":40,"type":"switch","locations":[{"start":{"line":42,"column":8},"end":{"line":47,"column":18}},{"start":{"line":49,"column":8},"end":{"line":52,"column":18}}]},"5":{"line":44,"type":"binary-expr","locations":[{"start":{"line":44,"column":16},"end":{"line":44,"column":44}},{"start":{"line":44,"column":48},"end":{"line":44,"column":66}}]},"6":{"line":50,"type":"binary-expr","locations":[{"start":{"line":50,"column":21},"end":{"line":50,"column":49}},{"start":{"line":50,"column":53},"end":{"line":50,"column":72}}]},"7":{"line":64,"type":"switch","locations":[{"start":{"line":69,"column":4},"end":{"line":70,"column":14}},{"start":{"line":75,"column":4},"end":{"line":76,"column":14}}]},"8":{"line":85,"type":"switch","locations":[{"start":{"line":90,"column":4},"end":{"line":105,"column":14}},{"start":{"line":111,"column":4},"end":{"line":193,"column":14},"skip":true}]},"9":{"line":91,"type":"binary-expr","locations":[{"start":{"line":91,"column":42},"end":{"line":91,"column":73}},{"start":{"line":91,"column":77},"end":{"line":99,"column":9}}]},"10":{"line":102,"type":"binary-expr","locations":[{"start":{"line":102,"column":18},"end":{"line":102,"column":32}},{"start":{"line":103,"column":12},"end":{"line":103,"column":53}},{"start":{"line":104,"column":12},"end":{"line":104,"column":61}}]},"11":{"line":112,"type":"binary-expr","locations":[{"start":{"line":112,"column":45},"end":{"line":112,"column":79},"skip":true},{"start":{"line":112,"column":83},"end":{"line":121,"column":9},"skip":true}]},"12":{"line":123,"type":"binary-expr","locations":[{"start":{"line":123,"column":42},"end":{"line":123,"column":73},"skip":true},{"start":{"line":123,"column":77},"end":{"line":136,"column":9},"skip":true}]},"13":{"line":138,"type":"binary-expr","locations":[{"start":{"line":138,"column":48},"end":{"line":138,"column":85},"skip":true},{"start":{"line":139,"column":12},"end":{"line":145,"column":13},"skip":true}]},"14":{"line":147,"type":"binary-expr","locations":[{"start":{"line":147,"column":42},"end":{"line":147,"column":73},"skip":true},{"start":{"line":147,"column":77},"end":{"line":156,"column":9},"skip":true}]},"15":{"line":158,"type":"binary-expr","locations":[{"start":{"line":158,"column":45},"end":{"line":158,"column":79},"skip":true},{"start":{"line":158,"column":83},"end":{"line":167,"column":9},"skip":true}]},"16":{"line":169,"type":"binary-expr","locations":[{"start":{"line":169,"column":43},"end":{"line":169,"column":75},"skip":true},{"start":{"line":169,"column":79},"end":{"line":178,"column":9},"skip":true}]},"17":{"line":180,"type":"binary-expr","locations":[{"start":{"line":180,"column":41},"end":{"line":180,"column":71},"skip":true},{"start":{"line":180,"column":75},"end":{"line":189,"column":9},"skip":true}]}},"code":["/* istanbul instrument in package npmtest_express_hbs */","/*jslint","    bitwise: true,","    browser: true,","    maxerr: 8,","    maxlen: 96,","    node: true,","    nomen: true,","    regexp: true,","    stupid: true","*/","(function () {","    'use strict';","    var local;","","","","    // run shared js-env code - pre-init","    (function () {","        // init local","        local = {};","        // init modeJs","        local.modeJs = (function () {","            try {","                return typeof navigator.userAgent === 'string' &&","                    typeof document.querySelector('body') === 'object' &&","                    typeof XMLHttpRequest.prototype.open === 'function' &&","                    'browser';","            } catch (errorCaughtBrowser) {","                return module.exports &&","                    typeof process.versions.node === 'string' &&","                    typeof require('http').createServer === 'function' &&","                    'node';","            }","        }());","        // init global","        local.global = local.modeJs === 'browser'","            ? window","            : global;","        switch (local.modeJs) {","        // re-init local from window.local","        case 'browser':","            local = local.global.utility2.objectSetDefault(","                local.global.utility2_rollup || local.global.local,","                local.global.utility2","            );","            break;","        // re-init local from example.js","        case 'node':","            local = (local.global.utility2_rollup || require('utility2'))","                .requireExampleJsFromReadme();","            break;","        }","        // export local","        local.global.local = local;","    }());","","","","    // run shared js-env code - function","    (function () {","        return;","    }());","    switch (local.modeJs) {","","","","    // run browser js-env code - function","    case 'browser':","        break;","","","","    // run node js-env code - function","    case 'node':","        break;","    }","","","","    // run shared js-env code - post-init","    (function () {","        return;","    }());","    switch (local.modeJs) {","","","","    // run browser js-env code - post-init","    case 'browser':","        local.testCase_browser_nullCase = local.testCase_browser_nullCase || function (","            options,","            onError","        ) {","        /*","         * this function will test browsers's null-case handling-behavior-behavior","         */","            onError(null, options);","        };","","        // run tests","        local.nop(local.modeTest &&","            document.querySelector('#testRunButton1') &&","            document.querySelector('#testRunButton1').click());","        break;","","","","    // run node js-env code - post-init","    /* istanbul ignore next */","    case 'node':","        local.testCase_buildApidoc_default = local.testCase_buildApidoc_default || function (","            options,","            onError","        ) {","        /*","         * this function will test buildApidoc's default handling-behavior-behavior","         */","            options = { modulePathList: module.paths };","            local.buildApidoc(options, onError);","        };","","        local.testCase_buildApp_default = local.testCase_buildApp_default || function (","            options,","            onError","        ) {","        /*","         * this function will test buildApp's default handling-behavior-behavior","         */","            local.testCase_buildReadme_default(options, local.onErrorThrow);","            local.testCase_buildLib_default(options, local.onErrorThrow);","            local.testCase_buildTest_default(options, local.onErrorThrow);","            local.testCase_buildCustomOrg_default(options, local.onErrorThrow);","            options = [];","            local.buildApp(options, onError);","        };","","        local.testCase_buildCustomOrg_default = local.testCase_buildCustomOrg_default ||","            function (options, onError) {","            /*","             * this function will test buildCustomOrg's default handling-behavior","             */","                options = {};","                local.buildCustomOrg(options, onError);","            };","","        local.testCase_buildLib_default = local.testCase_buildLib_default || function (","            options,","            onError","        ) {","        /*","         * this function will test buildLib's default handling-behavior","         */","            options = {};","            local.buildLib(options, onError);","        };","","        local.testCase_buildReadme_default = local.testCase_buildReadme_default || function (","            options,","            onError","        ) {","        /*","         * this function will test buildReadme's default handling-behavior-behavior","         */","            options = {};","            local.buildReadme(options, onError);","        };","","        local.testCase_buildTest_default = local.testCase_buildTest_default || function (","            options,","            onError","        ) {","        /*","         * this function will test buildTest's default handling-behavior","         */","            options = {};","            local.buildTest(options, onError);","        };","","        local.testCase_webpage_default = local.testCase_webpage_default || function (","            options,","            onError","        ) {","        /*","         * this function will test webpage's default handling-behavior","         */","            options = { modeCoverageMerge: true, url: local.serverLocalHost + '?modeTest=1' };","            local.browserTest(options, onError);","        };","","        // run test-server","        local.testRunServer(local);","        break;","    }","}());",""],"l":{"12":2,"14":2,"19":2,"21":2,"23":2,"24":2,"25":2,"30":1,"37":2,"40":2,"43":1,"47":1,"50":1,"52":1,"55":2,"61":2,"62":2,"64":2,"70":1,"76":1,"82":2,"83":2,"85":2,"91":1,"98":1,"102":1,"105":1,"112":1,"119":1,"120":1,"123":1,"130":1,"131":1,"132":1,"133":1,"134":1,"135":1,"138":1,"143":2,"144":2,"147":1,"154":2,"155":2,"158":1,"165":2,"166":2,"169":1,"176":2,"177":2,"180":1,"187":1,"188":1,"192":1,"193":1}},"/home/travis/build/npmtest/node-npmtest-express-hbs/lib.npmtest_express_hbs.js":{"path":"/home/travis/build/npmtest/node-npmtest-express-hbs/lib.npmtest_express_hbs.js","s":{"1":2,"2":2,"3":2,"4":2,"5":2,"6":2,"7":2,"8":1,"9":2,"10":2,"11":2,"12":2,"13":1,"14":1,"15":1,"16":1},"b":{"1":[2,1,1,1],"2":[1,1,1,1],"3":[1,1],"4":[2,2],"5":[1,1]},"f":{"1":2,"2":2,"3":2},"fnMap":{"1":{"name":"(anonymous_1)","line":12,"loc":{"start":{"line":12,"column":1},"end":{"line":12,"column":13}}},"2":{"name":"(anonymous_2)","line":19,"loc":{"start":{"line":19,"column":5},"end":{"line":19,"column":17}}},"3":{"name":"(anonymous_3)","line":23,"loc":{"start":{"line":23,"column":24},"end":{"line":23,"column":36}}}},"statementMap":{"1":{"start":{"line":12,"column":0},"end":{"line":53,"column":5}},"2":{"start":{"line":14,"column":4},"end":{"line":14,"column":14}},"3":{"start":{"line":19,"column":4},"end":{"line":52,"column":9}},"4":{"start":{"line":21,"column":8},"end":{"line":21,"column":19}},"5":{"start":{"line":23,"column":8},"end":{"line":35,"column":13}},"6":{"start":{"line":24,"column":12},"end":{"line":34,"column":13}},"7":{"start":{"line":25,"column":16},"end":{"line":28,"column":30}},"8":{"start":{"line":30,"column":16},"end":{"line":33,"column":27}},"9":{"start":{"line":37,"column":8},"end":{"line":39,"column":21}},"10":{"start":{"line":41,"column":8},"end":{"line":41,"column":54}},"11":{"start":{"line":43,"column":8},"end":{"line":43,"column":56}},"12":{"start":{"line":45,"column":8},"end":{"line":51,"column":9}},"13":{"start":{"line":46,"column":12},"end":{"line":46,"column":62}},"14":{"start":{"line":48,"column":12},"end":{"line":48,"column":35}},"15":{"start":{"line":49,"column":12},"end":{"line":49,"column":49}},"16":{"start":{"line":50,"column":12},"end":{"line":50,"column":43}}},"branchMap":{"1":{"line":25,"type":"binary-expr","locations":[{"start":{"line":25,"column":23},"end":{"line":25,"column":62}},{"start":{"line":26,"column":20},"end":{"line":26,"column":70}},{"start":{"line":27,"column":20},"end":{"line":27,"column":71}},{"start":{"line":28,"column":20},"end":{"line":28,"column":29}}]},"2":{"line":30,"type":"binary-expr","locations":[{"start":{"line":30,"column":23},"end":{"line":30,"column":37}},{"start":{"line":31,"column":20},"end":{"line":31,"column":61}},{"start":{"line":32,"column":20},"end":{"line":32,"column":70}},{"start":{"line":33,"column":20},"end":{"line":33,"column":26}}]},"3":{"line":37,"type":"cond-expr","locations":[{"start":{"line":38,"column":14},"end":{"line":38,"column":20}},{"start":{"line":39,"column":14},"end":{"line":39,"column":20}}]},"4":{"line":41,"type":"binary-expr","locations":[{"start":{"line":41,"column":16},"end":{"line":41,"column":44}},{"start":{"line":41,"column":48},"end":{"line":41,"column":53}}]},"5":{"line":45,"type":"if","locations":[{"start":{"line":45,"column":8},"end":{"line":45,"column":8}},{"start":{"line":45,"column":8},"end":{"line":45,"column":8}}]}},"code":["/* istanbul instrument in package npmtest_express_hbs */","/*jslint","    bitwise: true,","    browser: true,","    maxerr: 8,","    maxlen: 96,","    node: true,","    nomen: true,","    regexp: true,","    stupid: true","*/","(function () {","    'use strict';","    var local;","","","","    // run shared js-env code - pre-init","    (function () {","        // init local","        local = {};","        // init modeJs","        local.modeJs = (function () {","            try {","                return typeof navigator.userAgent === 'string' &&","                    typeof document.querySelector('body') === 'object' &&","                    typeof XMLHttpRequest.prototype.open === 'function' &&","                    'browser';","            } catch (errorCaughtBrowser) {","                return module.exports &&","                    typeof process.versions.node === 'string' &&","                    typeof require('http').createServer === 'function' &&","                    'node';","            }","        }());","        // init global","        local.global = local.modeJs === 'browser'","            ? window","            : global;","        // init utility2_rollup","        local = local.global.utility2_rollup || local;","        // init lib","        local.local = local.npmtest_express_hbs = local;","        // init exports","        if (local.modeJs === 'browser') {","            local.global.utility2_npmtest_express_hbs = local;","        } else {","            module.exports = local;","            module.exports.__dirname = __dirname;","            module.exports.module = module;","        }","    }());","}());",""],"l":{"12":2,"14":2,"19":2,"21":2,"23":2,"24":2,"25":2,"30":1,"37":2,"41":2,"43":2,"45":2,"46":1,"48":1,"49":1,"50":1}},"/home/travis/build/npmtest/node-npmtest-express-hbs/example.js":{"path":"/home/travis/build/npmtest/node-npmtest-express-hbs/example.js","s":{"1":2,"2":2,"3":2,"4":2,"5":2,"6":2,"7":2,"8":1,"9":2,"10":2,"11":2,"12":2,"13":1,"14":2,"15":2,"16":2,"17":2,"18":2,"19":0,"20":2,"21":1,"22":1,"23":1,"24":1,"25":1,"26":0,"27":0,"28":1,"29":1,"30":2,"31":0,"32":0,"33":0,"34":1,"35":2,"36":2,"37":3,"38":3,"39":3,"40":3,"41":0,"42":3,"43":3,"44":3,"45":1,"46":3,"47":1,"48":1,"49":1,"50":1,"51":1,"52":1,"53":1,"54":1,"55":1,"56":1,"57":0,"58":1,"59":6,"60":6,"61":1,"62":2,"63":0,"64":2,"65":1,"66":1,"67":0,"68":0,"69":0,"70":0,"71":0,"72":0,"73":0,"74":0,"75":0,"76":0,"77":0,"78":0,"79":0,"80":0,"81":0,"82":0,"83":0},"b":{"1":[2,1,1,1],"2":[1,1,1,1],"3":[1,1],"4":[2,2],"5":[1,1],"6":[1,1],"7":[2,0],"8":[2,1,1,1,1,1],"9":[0,2,0],"10":[1,1],"11":[2,1,1],"12":[1,0],"13":[0,2],"14":[2,0,0,0,0,0,0],"15":[0,3],"16":[3,0],"17":[1,1],"18":[0,1],"19":[1,2,0,2],"20":[1,0],"21":[1,1],"22":[0,0],"23":[0,0],"24":[0,0],"25":[0,0],"26":[0,0],"27":[0,0],"28":[0,0]},"f":{"1":2,"2":2,"3":2,"4":2,"5":2,"6":2,"7":3,"8":3,"9":3,"10":1,"11":6,"12":0},"fnMap":{"1":{"name":"(anonymous_1)","line":26,"loc":{"start":{"line":26,"column":1},"end":{"line":26,"column":13}}},"2":{"name":"(anonymous_2)","line":33,"loc":{"start":{"line":33,"column":5},"end":{"line":33,"column":17}}},"3":{"name":"(anonymous_3)","line":37,"loc":{"start":{"line":37,"column":24},"end":{"line":37,"column":36}}},"4":{"name":"(anonymous_4)","line":69,"loc":{"start":{"line":69,"column":31},"end":{"line":69,"column":48}},"skip":true},"5":{"name":"(anonymous_5)","line":78,"loc":{"start":{"line":78,"column":26},"end":{"line":78,"column":45}},"skip":true},"6":{"name":"(anonymous_6)","line":123,"loc":{"start":{"line":123,"column":33},"end":{"line":123,"column":48}},"skip":true},"7":{"name":"(anonymous_7)","line":125,"loc":{"start":{"line":125,"column":27},"end":{"line":125,"column":39}},"skip":true},"8":{"name":"(anonymous_8)","line":133,"loc":{"start":{"line":133,"column":59},"end":{"line":133,"column":74}},"skip":true},"9":{"name":"(anonymous_9)","line":143,"loc":{"start":{"line":143,"column":45},"end":{"line":143,"column":62}},"skip":true},"10":{"name":"(anonymous_10)","line":144,"loc":{"start":{"line":144,"column":73},"end":{"line":144,"column":92}},"skip":true},"11":{"name":"(anonymous_11)","line":272,"loc":{"start":{"line":272,"column":51},"end":{"line":272,"column":77}},"skip":true},"12":{"name":"(anonymous_12)","line":315,"loc":{"start":{"line":315,"column":32},"end":{"line":315,"column":61}},"skip":true}},"statementMap":{"1":{"start":{"line":26,"column":0},"end":{"line":326,"column":5}},"2":{"start":{"line":28,"column":4},"end":{"line":28,"column":14}},"3":{"start":{"line":33,"column":4},"end":{"line":60,"column":9}},"4":{"start":{"line":35,"column":8},"end":{"line":35,"column":19}},"5":{"start":{"line":37,"column":8},"end":{"line":49,"column":13}},"6":{"start":{"line":38,"column":12},"end":{"line":48,"column":13}},"7":{"start":{"line":39,"column":16},"end":{"line":42,"column":30}},"8":{"start":{"line":44,"column":16},"end":{"line":47,"column":27}},"9":{"start":{"line":51,"column":8},"end":{"line":53,"column":21}},"10":{"start":{"line":55,"column":8},"end":{"line":57,"column":45}},"11":{"start":{"line":59,"column":8},"end":{"line":59,"column":35}},"12":{"start":{"line":61,"column":4},"end":{"line":325,"column":5}},"13":{"start":{"line":69,"column":8},"end":{"line":121,"column":10},"skip":true},"14":{"start":{"line":70,"column":12},"end":{"line":88,"column":13},"skip":true},"15":{"start":{"line":76,"column":16},"end":{"line":87,"column":19},"skip":true},"16":{"start":{"line":79,"column":20},"end":{"line":86,"column":21},"skip":true},"17":{"start":{"line":82,"column":24},"end":{"line":82,"column":43},"skip":true},"18":{"start":{"line":83,"column":24},"end":{"line":83,"column":30},"skip":true},"19":{"start":{"line":85,"column":24},"end":{"line":85,"column":49},"skip":true},"20":{"start":{"line":89,"column":12},"end":{"line":107,"column":13},"skip":true},"21":{"start":{"line":92,"column":16},"end":{"line":102,"column":17},"skip":true},"22":{"start":{"line":93,"column":20},"end":{"line":93,"column":86},"skip":true},"23":{"start":{"line":94,"column":20},"end":{"line":95,"column":45},"skip":true},"24":{"start":{"line":96,"column":20},"end":{"line":96,"column":42},"skip":true},"25":{"start":{"line":97,"column":20},"end":{"line":97,"column":48},"skip":true},"26":{"start":{"line":100,"column":20},"end":{"line":100,"column":85},"skip":true},"27":{"start":{"line":101,"column":20},"end":{"line":101,"column":96},"skip":true},"28":{"start":{"line":103,"column":16},"end":{"line":103,"column":22},"skip":true},"29":{"start":{"line":106,"column":16},"end":{"line":106,"column":22},"skip":true},"30":{"start":{"line":108,"column":12},"end":{"line":120,"column":13},"skip":true},"31":{"start":{"line":114,"column":16},"end":{"line":119,"column":17},"skip":true},"32":{"start":{"line":116,"column":20},"end":{"line":116,"column":78},"skip":true},"33":{"start":{"line":118,"column":20},"end":{"line":118,"column":47},"skip":true},"34":{"start":{"line":123,"column":8},"end":{"line":141,"column":11},"skip":true},"35":{"start":{"line":124,"column":12},"end":{"line":124,"column":54},"skip":true},"36":{"start":{"line":125,"column":12},"end":{"line":140,"column":14},"skip":true},"37":{"start":{"line":126,"column":16},"end":{"line":126,"column":28},"skip":true},"38":{"start":{"line":127,"column":16},"end":{"line":127,"column":69},"skip":true},"39":{"start":{"line":128,"column":16},"end":{"line":128,"column":75},"skip":true},"40":{"start":{"line":129,"column":16},"end":{"line":131,"column":17},"skip":true},"41":{"start":{"line":130,"column":20},"end":{"line":130,"column":27},"skip":true},"42":{"start":{"line":133,"column":16},"end":{"line":137,"column":36},"skip":true},"43":{"start":{"line":134,"column":20},"end":{"line":136,"column":55},"skip":true},"44":{"start":{"line":139,"column":16},"end":{"line":139,"column":57},"skip":true},"45":{"start":{"line":143,"column":8},"end":{"line":147,"column":11},"skip":true},"46":{"start":{"line":144,"column":12},"end":{"line":146,"column":15},"skip":true},"47":{"start":{"line":145,"column":16},"end":{"line":145,"column":70},"skip":true},"48":{"start":{"line":149,"column":8},"end":{"line":149,"column":31},"skip":true},"49":{"start":{"line":150,"column":8},"end":{"line":150,"column":14},"skip":true},"50":{"start":{"line":158,"column":8},"end":{"line":158,"column":31},"skip":true},"51":{"start":{"line":160,"column":8},"end":{"line":160,"column":33},"skip":true},"52":{"start":{"line":161,"column":8},"end":{"line":161,"column":37},"skip":true},"53":{"start":{"line":162,"column":8},"end":{"line":162,"column":35},"skip":true},"54":{"start":{"line":164,"column":8},"end":{"line":164,"column":50},"skip":true},"55":{"start":{"line":166,"column":8},"end":{"line":256,"column":2},"skip":true},"56":{"start":{"line":258,"column":8},"end":{"line":286,"column":9},"skip":true},"57":{"start":{"line":259,"column":12},"end":{"line":269,"column":14},"skip":true},"58":{"start":{"line":271,"column":12},"end":{"line":285,"column":19},"skip":true},"59":{"start":{"line":274,"column":20},"end":{"line":274,"column":35},"skip":true},"60":{"start":{"line":275,"column":20},"end":{"line":284,"column":21},"skip":true},"61":{"start":{"line":277,"column":24},"end":{"line":277,"column":64},"skip":true},"62":{"start":{"line":279,"column":24},"end":{"line":279,"column":40},"skip":true},"63":{"start":{"line":281,"column":24},"end":{"line":281,"column":40},"skip":true},"64":{"start":{"line":283,"column":24},"end":{"line":283,"column":39},"skip":true},"65":{"start":{"line":288,"column":8},"end":{"line":290,"column":9},"skip":true},"66":{"start":{"line":289,"column":12},"end":{"line":289,"column":18},"skip":true},"67":{"start":{"line":291,"column":8},"end":{"line":293,"column":54},"skip":true},"68":{"start":{"line":296,"column":8},"end":{"line":301,"column":37},"skip":true},"69":{"start":{"line":303,"column":8},"end":{"line":303,"column":82},"skip":true},"70":{"start":{"line":306,"column":8},"end":{"line":308,"column":9},"skip":true},"71":{"start":{"line":307,"column":12},"end":{"line":307,"column":82},"skip":true},"72":{"start":{"line":310,"column":8},"end":{"line":312,"column":9},"skip":true},"73":{"start":{"line":311,"column":12},"end":{"line":311,"column":18},"skip":true},"74":{"start":{"line":313,"column":8},"end":{"line":313,"column":54},"skip":true},"75":{"start":{"line":314,"column":8},"end":{"line":314,"column":69},"skip":true},"76":{"start":{"line":315,"column":8},"end":{"line":323,"column":36},"skip":true},"77":{"start":{"line":316,"column":12},"end":{"line":316,"column":61},"skip":true},"78":{"start":{"line":317,"column":12},"end":{"line":320,"column":13},"skip":true},"79":{"start":{"line":318,"column":16},"end":{"line":318,"column":75},"skip":true},"80":{"start":{"line":319,"column":16},"end":{"line":319,"column":23},"skip":true},"81":{"start":{"line":321,"column":12},"end":{"line":321,"column":38},"skip":true},"82":{"start":{"line":322,"column":12},"end":{"line":322,"column":27},"skip":true},"83":{"start":{"line":324,"column":8},"end":{"line":324,"column":14},"skip":true}},"branchMap":{"1":{"line":39,"type":"binary-expr","locations":[{"start":{"line":39,"column":23},"end":{"line":39,"column":62}},{"start":{"line":40,"column":20},"end":{"line":40,"column":70}},{"start":{"line":41,"column":20},"end":{"line":41,"column":71}},{"start":{"line":42,"column":20},"end":{"line":42,"column":29}}]},"2":{"line":44,"type":"binary-expr","locations":[{"start":{"line":44,"column":23},"end":{"line":44,"column":37}},{"start":{"line":45,"column":20},"end":{"line":45,"column":61}},{"start":{"line":46,"column":20},"end":{"line":46,"column":70}},{"start":{"line":47,"column":20},"end":{"line":47,"column":26}}]},"3":{"line":51,"type":"cond-expr","locations":[{"start":{"line":52,"column":14},"end":{"line":52,"column":20}},{"start":{"line":53,"column":14},"end":{"line":53,"column":20}}]},"4":{"line":55,"type":"binary-expr","locations":[{"start":{"line":55,"column":16},"end":{"line":55,"column":44}},{"start":{"line":55,"column":49},"end":{"line":57,"column":43}}]},"5":{"line":55,"type":"cond-expr","locations":[{"start":{"line":56,"column":14},"end":{"line":56,"column":55}},{"start":{"line":57,"column":14},"end":{"line":57,"column":43}}]},"6":{"line":61,"type":"switch","locations":[{"start":{"line":68,"column":4},"end":{"line":150,"column":14},"skip":true},{"start":{"line":156,"column":4},"end":{"line":324,"column":14},"skip":true}]},"7":{"line":70,"type":"if","locations":[{"start":{"line":70,"column":12},"end":{"line":70,"column":12},"skip":true},{"start":{"line":70,"column":12},"end":{"line":70,"column":12},"skip":true}]},"8":{"line":70,"type":"binary-expr","locations":[{"start":{"line":70,"column":16},"end":{"line":70,"column":22},"skip":true},{"start":{"line":70,"column":27},"end":{"line":70,"column":32},"skip":true},{"start":{"line":71,"column":20},"end":{"line":71,"column":39},"skip":true},{"start":{"line":72,"column":20},"end":{"line":72,"column":49},"skip":true},{"start":{"line":73,"column":20},"end":{"line":73,"column":58},"skip":true},{"start":{"line":74,"column":20},"end":{"line":74,"column":69},"skip":true}]},"9":{"line":79,"type":"switch","locations":[{"start":{"line":80,"column":20},"end":{"line":80,"column":33},"skip":true},{"start":{"line":81,"column":20},"end":{"line":83,"column":30},"skip":true},{"start":{"line":84,"column":20},"end":{"line":85,"column":49},"skip":true}]},"10":{"line":89,"type":"switch","locations":[{"start":{"line":90,"column":12},"end":{"line":103,"column":22},"skip":true},{"start":{"line":105,"column":12},"end":{"line":106,"column":22},"skip":true}]},"11":{"line":89,"type":"binary-expr","locations":[{"start":{"line":89,"column":20},"end":{"line":89,"column":25},"skip":true},{"start":{"line":89,"column":29},"end":{"line":89,"column":48},"skip":true},{"start":{"line":89,"column":52},"end":{"line":89,"column":74},"skip":true}]},"12":{"line":92,"type":"if","locations":[{"start":{"line":92,"column":16},"end":{"line":92,"column":16},"skip":true},{"start":{"line":92,"column":16},"end":{"line":92,"column":16},"skip":true}]},"13":{"line":108,"type":"if","locations":[{"start":{"line":108,"column":12},"end":{"line":108,"column":12},"skip":true},{"start":{"line":108,"column":12},"end":{"line":108,"column":12},"skip":true}]},"14":{"line":108,"type":"binary-expr","locations":[{"start":{"line":108,"column":16},"end":{"line":108,"column":61},"skip":true},{"start":{"line":108,"column":66},"end":{"line":108,"column":72},"skip":true},{"start":{"line":108,"column":77},"end":{"line":108,"column":82},"skip":true},{"start":{"line":109,"column":20},"end":{"line":109,"column":39},"skip":true},{"start":{"line":110,"column":20},"end":{"line":110,"column":49},"skip":true},{"start":{"line":111,"column":20},"end":{"line":111,"column":58},"skip":true},{"start":{"line":112,"column":20},"end":{"line":112,"column":68},"skip":true}]},"15":{"line":129,"type":"if","locations":[{"start":{"line":129,"column":16},"end":{"line":129,"column":16},"skip":true},{"start":{"line":129,"column":16},"end":{"line":129,"column":16},"skip":true}]},"16":{"line":134,"type":"cond-expr","locations":[{"start":{"line":135,"column":26},"end":{"line":135,"column":29},"skip":true},{"start":{"line":136,"column":26},"end":{"line":136,"column":54},"skip":true}]},"17":{"line":164,"type":"binary-expr","locations":[{"start":{"line":164,"column":27},"end":{"line":164,"column":43},"skip":true},{"start":{"line":164,"column":47},"end":{"line":164,"column":49},"skip":true}]},"18":{"line":258,"type":"if","locations":[{"start":{"line":258,"column":8},"end":{"line":258,"column":8},"skip":true},{"start":{"line":258,"column":8},"end":{"line":258,"column":8},"skip":true}]},"19":{"line":275,"type":"switch","locations":[{"start":{"line":276,"column":20},"end":{"line":277,"column":64},"skip":true},{"start":{"line":278,"column":20},"end":{"line":279,"column":40},"skip":true},{"start":{"line":280,"column":20},"end":{"line":281,"column":40},"skip":true},{"start":{"line":282,"column":20},"end":{"line":283,"column":39},"skip":true}]},"20":{"line":288,"type":"if","locations":[{"start":{"line":288,"column":8},"end":{"line":288,"column":8},"skip":true},{"start":{"line":288,"column":8},"end":{"line":288,"column":8},"skip":true}]},"21":{"line":288,"type":"binary-expr","locations":[{"start":{"line":288,"column":12},"end":{"line":288,"column":40},"skip":true},{"start":{"line":288,"column":44},"end":{"line":288,"column":67},"skip":true}]},"22":{"line":292,"type":"binary-expr","locations":[{"start":{"line":292,"column":12},"end":{"line":292,"column":50},"skip":true},{"start":{"line":293,"column":12},"end":{"line":293,"column":53},"skip":true}]},"23":{"line":297,"type":"binary-expr","locations":[{"start":{"line":297,"column":12},"end":{"line":297,"column":69},"skip":true},{"start":{"line":298,"column":12},"end":{"line":301,"column":36},"skip":true}]},"24":{"line":303,"type":"binary-expr","locations":[{"start":{"line":303,"column":43},"end":{"line":303,"column":75},"skip":true},{"start":{"line":303,"column":79},"end":{"line":303,"column":81},"skip":true}]},"25":{"line":306,"type":"if","locations":[{"start":{"line":306,"column":8},"end":{"line":306,"column":8},"skip":true},{"start":{"line":306,"column":8},"end":{"line":306,"column":8},"skip":true}]},"26":{"line":310,"type":"if","locations":[{"start":{"line":310,"column":8},"end":{"line":310,"column":8},"skip":true},{"start":{"line":310,"column":8},"end":{"line":310,"column":8},"skip":true}]},"27":{"line":313,"type":"binary-expr","locations":[{"start":{"line":313,"column":27},"end":{"line":313,"column":43},"skip":true},{"start":{"line":313,"column":47},"end":{"line":313,"column":53},"skip":true}]},"28":{"line":317,"type":"if","locations":[{"start":{"line":317,"column":12},"end":{"line":317,"column":12},"skip":true},{"start":{"line":317,"column":12},"end":{"line":317,"column":12},"skip":true}]}},"code":["/*","example.js","","quickstart example","","instruction","    1. save this script as example.js","    2. run the shell command:","        $ npm install npmtest-express-hbs && PORT=8081 node example.js","    3. play with the browser-demo on http://127.0.0.1:8081","*/","","","","/* istanbul instrument in package npmtest_express_hbs */","/*jslint","    bitwise: true,","    browser: true,","    maxerr: 8,","    maxlen: 96,","    node: true,","    nomen: true,","    regexp: true,","    stupid: true","*/","(function () {","    'use strict';","    var local;","","","","    // run shared js-env code - pre-init","    (function () {","        // init local","        local = {};","        // init modeJs","        local.modeJs = (function () {","            try {","                return typeof navigator.userAgent === 'string' &&","                    typeof document.querySelector('body') === 'object' &&","                    typeof XMLHttpRequest.prototype.open === 'function' &&","                    'browser';","            } catch (errorCaughtBrowser) {","                return module.exports &&","                    typeof process.versions.node === 'string' &&","                    typeof require('http').createServer === 'function' &&","                    'node';","            }","        }());","        // init global","        local.global = local.modeJs === 'browser'","            ? window","            : global;","        // init utility2_rollup","        local = local.global.utility2_rollup || (local.modeJs === 'browser'","            ? local.global.utility2_npmtest_express_hbs","            : global.utility2_moduleExports);","        // export local","        local.global.local = local;","    }());","    switch (local.modeJs) {","","","","    // post-init","    // run browser js-env code - post-init","    /* istanbul ignore next */","    case 'browser':","        local.testRunBrowser = function (event) {","            if (!event || (event &&","                    event.currentTarget &&","                    event.currentTarget.className &&","                    event.currentTarget.className.includes &&","                    event.currentTarget.className.includes('onreset'))) {","                // reset output","                Array.from(","                    document.querySelectorAll('body > .resettable')","                ).forEach(function (element) {","                    switch (element.tagName) {","                    case 'INPUT':","                    case 'TEXTAREA':","                        element.value = '';","                        break;","                    default:","                        element.textContent = '';","                    }","                });","            }","            switch (event && event.currentTarget && event.currentTarget.id) {","            case 'testRunButton1':","                // show tests","                if (document.querySelector('#testReportDiv1').style.display === 'none') {","                    document.querySelector('#testReportDiv1').style.display = 'block';","                    document.querySelector('#testRunButton1').textContent =","                        'hide internal test';","                    local.modeTest = true;","                    local.testRunDefault(local);","                // hide tests","                } else {","                    document.querySelector('#testReportDiv1').style.display = 'none';","                    document.querySelector('#testRunButton1').textContent = 'run internal test';","                }","                break;","            // custom-case","            default:","                break;","            }","            if (document.querySelector('#inputTextareaEval1') && (!event || (event &&","                    event.currentTarget &&","                    event.currentTarget.className &&","                    event.currentTarget.className.includes &&","                    event.currentTarget.className.includes('oneval')))) {","                // try to eval input-code","                try {","                    /*jslint evil: true*/","                    eval(document.querySelector('#inputTextareaEval1').value);","                } catch (errorCaught) {","                    console.error(errorCaught);","                }","            }","        };","        // log stderr and stdout to #outputTextareaStdout1","        ['error', 'log'].forEach(function (key) {","            console[key + '_original'] = console[key];","            console[key] = function () {","                var element;","                console[key + '_original'].apply(console, arguments);","                element = document.querySelector('#outputTextareaStdout1');","                if (!element) {","                    return;","                }","                // append text to #outputTextareaStdout1","                element.value += Array.from(arguments).map(function (arg) {","                    return typeof arg === 'string'","                        ? arg","                        : JSON.stringify(arg, null, 4);","                }).join(' ') + '\\n';","                // scroll textarea to bottom","                element.scrollTop = element.scrollHeight;","            };","        });","        // init event-handling","        ['change', 'click', 'keyup'].forEach(function (event) {","            Array.from(document.querySelectorAll('.on' + event)).forEach(function (element) {","                element.addEventListener(event, local.testRunBrowser);","            });","        });","        // run tests","        local.testRunBrowser();","        break;","","","","    // run node js-env code - post-init","    /* istanbul ignore next */","    case 'node':","        // export local","        module.exports = local;","        // require modules","        local.fs = require('fs');","        local.http = require('http');","        local.url = require('url');","        // init assets","        local.assetsDict = local.assetsDict || {};","        /* jslint-ignore-begin */","        local.assetsDict['/assets.index.template.html'] = '\\","<!doctype html>\\n\\","<html lang=\"en\">\\n\\","<head>\\n\\","<meta charset=\"UTF-8\">\\n\\","<meta name=\"viewport\" content=\"width=device-width, initial-scale=1\">\\n\\","<title>{{env.npm_package_name}} (v{{env.npm_package_version}})</title>\\n\\","<style>\\n\\","/*csslint\\n\\","    box-sizing: false,\\n\\","    universal-selector: false\\n\\","*/\\n\\","* {\\n\\","    box-sizing: border-box;\\n\\","}\\n\\","body {\\n\\","    background: #dde;\\n\\","    font-family: Arial, Helvetica, sans-serif;\\n\\","    margin: 2rem;\\n\\","}\\n\\","body > * {\\n\\","    margin-bottom: 1rem;\\n\\","}\\n\\",".utility2FooterDiv {\\n\\","    margin-top: 20px;\\n\\","    text-align: center;\\n\\","}\\n\\","</style>\\n\\","<style>\\n\\","/*csslint\\n\\","*/\\n\\","textarea {\\n\\","    font-family: monospace;\\n\\","    height: 10rem;\\n\\","    width: 100%;\\n\\","}\\n\\","textarea[readonly] {\\n\\","    background: #ddd;\\n\\","}\\n\\","</style>\\n\\","</head>\\n\\","<body>\\n\\","<!-- utility2-comment\\n\\","<div id=\"ajaxProgressDiv1\" style=\"background: #d00; height: 2px; left: 0; margin: 0; padding: 0; position: fixed; top: 0; transition: background 0.5s, width 1.5s; width: 25%;\"></div>\\n\\","utility2-comment -->\\n\\","<h1>\\n\\","<!-- utility2-comment\\n\\","    <a\\n\\","        {{#if env.npm_package_homepage}}\\n\\","        href=\"{{env.npm_package_homepage}}\"\\n\\","        {{/if env.npm_package_homepage}}\\n\\","        target=\"_blank\"\\n\\","    >\\n\\","utility2-comment -->\\n\\","        {{env.npm_package_name}} (v{{env.npm_package_version}})\\n\\","<!-- utility2-comment\\n\\","    </a>\\n\\","utility2-comment -->\\n\\","</h1>\\n\\","<h3>{{env.npm_package_description}}</h3>\\n\\","<!-- utility2-comment\\n\\","<h4><a download href=\"assets.app.js\">download standalone app</a></h4>\\n\\","<button class=\"onclick onreset\" id=\"testRunButton1\">run internal test</button><br>\\n\\","<div id=\"testReportDiv1\" style=\"display: none;\"></div>\\n\\","utility2-comment -->\\n\\","\\n\\","\\n\\","\\n\\","<label>stderr and stdout</label>\\n\\","<textarea class=\"resettable\" id=\"outputTextareaStdout1\" readonly></textarea>\\n\\","<!-- utility2-comment\\n\\","{{#if isRollup}}\\n\\","<script src=\"assets.app.js\"></script>\\n\\","{{#unless isRollup}}\\n\\","utility2-comment -->\\n\\","<script src=\"assets.utility2.rollup.js\"></script>\\n\\","<script src=\"jsonp.utility2._stateInit?callback=window.utility2._stateInit\"></script>\\n\\","<script src=\"assets.npmtest_express_hbs.rollup.js\"></script>\\n\\","<script src=\"assets.example.js\"></script>\\n\\","<script src=\"assets.test.js\"></script>\\n\\","<!-- utility2-comment\\n\\","{{/if isRollup}}\\n\\","utility2-comment -->\\n\\","<div class=\"utility2FooterDiv\">\\n\\","    [ this app was created with\\n\\","    <a href=\"https://github.com/kaizhu256/node-utility2\" target=\"_blank\">utility2</a>\\n\\","    ]\\n\\","</div>\\n\\","</body>\\n\\","</html>\\n\\","';","        /* jslint-ignore-end */","        if (local.templateRender) {","            local.assetsDict['/'] = local.templateRender(","                local.assetsDict['/assets.index.template.html'],","                {","                    env: local.objectSetDefault(local.env, {","                        npm_package_description: 'the greatest app in the world!',","                        npm_package_name: 'my-app',","                        npm_package_nameAlias: 'my_app',","                        npm_package_version: '0.0.1'","                    })","                }","            );","        } else {","            local.assetsDict['/'] = local.assetsDict['/assets.index.template.html']","                .replace((/\\{\\{env\\.(\\w+?)\\}\\}/g), function (match0, match1) {","                    // jslint-hack","                    String(match0);","                    switch (match1) {","                    case 'npm_package_description':","                        return 'the greatest app in the world!';","                    case 'npm_package_name':","                        return 'my-app';","                    case 'npm_package_nameAlias':","                        return 'my_app';","                    case 'npm_package_version':","                        return '0.0.1';","                    }","                });","        }","        // run the cli","        if (local.global.utility2_rollup || module !== require.main) {","            break;","        }","        local.assetsDict['/assets.example.js'] =","            local.assetsDict['/assets.example.js'] ||","            local.fs.readFileSync(__filename, 'utf8');","        // bug-workaround - long $npm_package_buildCustomOrg","        /* jslint-ignore-begin */","        local.assetsDict['/assets.npmtest_express_hbs.rollup.js'] =","            local.assetsDict['/assets.npmtest_express_hbs.rollup.js'] ||","            local.fs.readFileSync(","                local.npmtest_express_hbs.__dirname + '/lib.npmtest_express_hbs.js',","                'utf8'","            ).replace((/^#!/), '//');","        /* jslint-ignore-end */","        local.assetsDict['/favicon.ico'] = local.assetsDict['/favicon.ico'] || '';","        // if $npm_config_timeout_exit exists,","        // then exit this process after $npm_config_timeout_exit ms","        if (Number(process.env.npm_config_timeout_exit)) {","            setTimeout(process.exit, Number(process.env.npm_config_timeout_exit));","        }","        // start server","        if (local.global.utility2_serverHttp1) {","            break;","        }","        process.env.PORT = process.env.PORT || '8081';","        console.error('server starting on port ' + process.env.PORT);","        local.http.createServer(function (request, response) {","            request.urlParsed = local.url.parse(request.url);","            if (local.assetsDict[request.urlParsed.pathname] !== undefined) {","                response.end(local.assetsDict[request.urlParsed.pathname]);","                return;","            }","            response.statusCode = 404;","            response.end();","        }).listen(process.env.PORT);","        break;","    }","}());",""],"l":{"26":2,"28":2,"33":2,"35":2,"37":2,"38":2,"39":2,"44":1,"51":2,"55":2,"59":2,"61":2,"69":1,"70":2,"76":2,"79":2,"82":2,"83":2,"85":1,"89":2,"92":1,"93":1,"94":1,"96":1,"97":1,"100":1,"101":1,"103":1,"106":1,"108":2,"114":1,"116":1,"118":1,"123":1,"124":2,"125":2,"126":3,"127":3,"128":3,"129":3,"130":1,"133":3,"134":3,"139":3,"143":1,"144":3,"145":1,"149":1,"150":1,"158":1,"160":1,"161":1,"162":1,"164":1,"166":1,"258":1,"259":1,"271":1,"274":6,"275":6,"277":1,"279":2,"281":1,"283":2,"288":1,"289":1,"291":1,"296":1,"303":1,"306":1,"307":1,"310":1,"311":1,"313":1,"314":1,"315":1,"316":1,"317":1,"318":1,"319":1,"321":1,"322":1,"324":1}},"/home/travis/build/npmtest/node-npmtest-express-hbs/node_modules/express-hbs/index.js":{"path":"/home/travis/build/npmtest/node-npmtest-express-hbs/node_modules/express-hbs/index.js","s":{"1":1},"b":{},"f":{},"fnMap":{},"statementMap":{"1":{"start":{"line":1,"column":0},"end":{"line":1,"column":38}}},"branchMap":{},"code":["module.exports = require('./lib/hbs');",""],"l":{"1":1}},"/home/travis/build/npmtest/node-npmtest-express-hbs/node_modules/express-hbs/lib/hbs.js":{"path":"/home/travis/build/npmtest/node-npmtest-express-hbs/node_modules/express-hbs/lib/hbs.js","s":{"1":1,"2":1,"3":1,"4":1,"5":1,"6":1,"7":1,"8":1,"9":1,"10":1,"11":1,"12":1,"13":1,"14":1,"15":0,"16":0,"17":0,"18":1,"19":0,"20":0,"21":1,"22":0,"23":0,"24":0,"25":0,"26":0,"27":0,"28":0,"29":0,"30":0,"31":0,"32":1,"33":0,"34":0,"35":0,"36":0,"37":0,"38":0,"39":1,"40":0,"41":0,"42":0,"43":0,"44":0,"45":0,"46":0,"47":0,"48":0,"49":0,"50":0,"51":0,"52":0,"53":0,"54":0,"55":0,"56":0,"57":0,"58":0,"59":0,"60":0,"61":0,"62":0,"63":0,"64":1,"65":0,"66":0,"67":0,"68":0,"69":1,"70":0,"71":0,"72":0,"73":0,"74":0,"75":0,"76":0,"77":0,"78":0,"79":0,"80":0,"81":0,"82":0,"83":0,"84":0,"85":0,"86":0,"87":0,"88":0,"89":1,"90":0,"91":0,"92":0,"93":0,"94":0,"95":0,"96":0,"97":0,"98":0,"99":0,"100":0,"101":0,"102":0,"103":0,"104":0,"105":0,"106":0,"107":0,"108":0,"109":0,"110":0,"111":0,"112":0,"113":0,"114":0,"115":0,"116":0,"117":0,"118":0,"119":0,"120":0,"121":0,"122":0,"123":0,"124":0,"125":0,"126":0,"127":0,"128":0,"129":0,"130":0,"131":0,"132":0,"133":0,"134":0,"135":0,"136":0,"137":0,"138":0,"139":1,"140":1,"141":0,"142":0,"143":0,"144":0,"145":0,"146":0,"147":0,"148":0,"149":0,"150":0,"151":1,"152":0,"153":1,"154":0,"155":1,"156":0,"157":0,"158":0,"159":0,"160":0,"161":0,"162":0,"163":0,"164":0,"165":0,"166":0,"167":0,"168":0,"169":1,"170":0,"171":0,"172":0,"173":0,"174":0,"175":0,"176":1,"177":0,"178":1,"179":0,"180":1,"181":0,"182":0,"183":0,"184":0,"185":0,"186":0,"187":1,"188":0,"189":0,"190":0,"191":0,"192":1,"193":0,"194":0,"195":0,"196":0,"197":0,"198":0,"199":0,"200":0,"201":0,"202":0,"203":0,"204":0,"205":0,"206":0,"207":1,"208":0,"209":0,"210":0,"211":0,"212":0,"213":0,"214":0,"215":0,"216":0,"217":0,"218":0,"219":1,"220":0,"221":0,"222":0,"223":0,"224":0,"225":1,"226":0,"227":0,"228":0,"229":0,"230":0,"231":0,"232":0,"233":0,"234":0,"235":0,"236":0,"237":1,"238":0,"239":0,"240":0,"241":0,"242":0,"243":0,"244":1,"245":0,"246":0,"247":0,"248":0,"249":0,"250":0,"251":0,"252":0,"253":0,"254":0,"255":0,"256":0,"257":0,"258":0,"259":0,"260":0,"261":0,"262":0,"263":0,"264":0,"265":0,"266":0,"267":0,"268":0,"269":0,"270":0,"271":0,"272":0,"273":0,"274":1},"b":{"1":[0,0],"2":[0,0],"3":[0,0],"4":[0,0],"5":[0,0],"6":[0,0],"7":[0,0],"8":[0,0],"9":[0,0],"10":[0,0],"11":[0,0],"12":[0,0],"13":[0,0],"14":[0,0],"15":[0,0],"16":[0,0],"17":[0,0],"18":[0,0],"19":[0,0],"20":[0,0],"21":[0,0],"22":[0,0],"23":[0,0],"24":[0,0],"25":[0,0],"26":[0,0],"27":[0,0],"28":[0,0],"29":[0,0],"30":[0,0],"31":[0,0],"32":[0,0],"33":[0,0],"34":[0,0],"35":[0,0],"36":[0,0],"37":[0,0],"38":[0,0],"39":[0,0],"40":[0,0],"41":[0,0],"42":[0,0],"43":[0,0],"44":[0,0],"45":[0,0],"46":[0,0],"47":[0,0],"48":[0,0],"49":[0,0],"50":[0,0],"51":[0,0],"52":[0,0],"53":[0,0],"54":[0,0],"55":[0,0],"56":[0,0],"57":[0,0],"58":[0,0],"59":[0,0],"60":[0,0],"61":[0,0],"62":[0,0],"63":[0,0],"64":[0,0],"65":[0,0],"66":[0,0],"67":[0,0],"68":[0,0],"69":[0,0],"70":[0,0],"71":[0,0],"72":[0,0],"73":[0,0,0],"74":[0,0]},"f":{"1":1,"2":0,"3":0,"4":0,"5":0,"6":0,"7":0,"8":0,"9":0,"10":0,"11":0,"12":0,"13":0,"14":0,"15":0,"16":0,"17":0,"18":0,"19":0,"20":0,"21":0,"22":0,"23":0,"24":0,"25":0,"26":0,"27":0,"28":0,"29":0,"30":0,"31":0,"32":0,"33":0,"34":0,"35":0,"36":0,"37":0,"38":0,"39":0,"40":0,"41":0,"42":0,"43":0,"44":0,"45":0,"46":0,"47":0,"48":0,"49":0,"50":0},"fnMap":{"1":{"name":"(anonymous_1)","line":17,"loc":{"start":{"line":17,"column":17},"end":{"line":17,"column":28}}},"2":{"name":"(anonymous_2)","line":34,"loc":{"start":{"line":34,"column":29},"end":{"line":34,"column":44}}},"3":{"name":"(anonymous_3)","line":50,"loc":{"start":{"line":50,"column":31},"end":{"line":50,"column":64}}},"4":{"name":"(anonymous_4)","line":63,"loc":{"start":{"line":63,"column":34},"end":{"line":63,"column":61}}},"5":{"name":"(anonymous_5)","line":73,"loc":{"start":{"line":73,"column":26},"end":{"line":73,"column":41}}},"6":{"name":"(anonymous_6)","line":88,"loc":{"start":{"line":88,"column":42},"end":{"line":88,"column":66}}},"7":{"name":"(anonymous_7)","line":113,"loc":{"start":{"line":113,"column":35},"end":{"line":113,"column":70}}},"8":{"name":"(anonymous_8)","line":123,"loc":{"start":{"line":123,"column":34},"end":{"line":123,"column":53}}},"9":{"name":"(anonymous_9)","line":130,"loc":{"start":{"line":130,"column":25},"end":{"line":130,"column":43}}},"10":{"name":"(anonymous_10)","line":143,"loc":{"start":{"line":143,"column":51},"end":{"line":143,"column":80}}},"11":{"name":"(anonymous_11)","line":157,"loc":{"start":{"line":157,"column":37},"end":{"line":157,"column":50}}},"12":{"name":"readNext","line":167,"loc":{"start":{"line":167,"column":2},"end":{"line":167,"column":22}}},"13":{"name":"(anonymous_13)","line":169,"loc":{"start":{"line":169,"column":16},"end":{"line":169,"column":30}}},"14":{"name":"(anonymous_14)","line":172,"loc":{"start":{"line":172,"column":17},"end":{"line":172,"column":31}}},"15":{"name":"(anonymous_15)","line":176,"loc":{"start":{"line":176,"column":16},"end":{"line":176,"column":32}}},"16":{"name":"(anonymous_16)","line":187,"loc":{"start":{"line":187,"column":15},"end":{"line":187,"column":26}}},"17":{"name":"(anonymous_17)","line":220,"loc":{"start":{"line":220,"column":32},"end":{"line":220,"column":50}}},"18":{"name":"(anonymous_18)","line":237,"loc":{"start":{"line":237,"column":41},"end":{"line":237,"column":52}}},"19":{"name":"(anonymous_19)","line":242,"loc":{"start":{"line":242,"column":42},"end":{"line":242,"column":53}}},"20":{"name":"(anonymous_20)","line":249,"loc":{"start":{"line":249,"column":64},"end":{"line":249,"column":88}}},"21":{"name":"(anonymous_21)","line":257,"loc":{"start":{"line":257,"column":46},"end":{"line":257,"column":60}}},"22":{"name":"(anonymous_22)","line":267,"loc":{"start":{"line":267,"column":66},"end":{"line":267,"column":90}}},"23":{"name":"(anonymous_23)","line":318,"loc":{"start":{"line":318,"column":41},"end":{"line":318,"column":64}}},"24":{"name":"(anonymous_24)","line":323,"loc":{"start":{"line":323,"column":58},"end":{"line":323,"column":83}}},"25":{"name":"(anonymous_25)","line":333,"loc":{"start":{"line":333,"column":38},"end":{"line":333,"column":57}}},"26":{"name":"(anonymous_26)","line":343,"loc":{"start":{"line":343,"column":39},"end":{"line":343,"column":72}}},"27":{"name":"(anonymous_27)","line":353,"loc":{"start":{"line":353,"column":31},"end":{"line":353,"column":58}}},"28":{"name":"(anonymous_28)","line":386,"loc":{"start":{"line":386,"column":43},"end":{"line":386,"column":62}}},"29":{"name":"(anonymous_29)","line":387,"loc":{"start":{"line":387,"column":39},"end":{"line":387,"column":66}}},"30":{"name":"(anonymous_30)","line":389,"loc":{"start":{"line":389,"column":21},"end":{"line":389,"column":39}}},"31":{"name":"(anonymous_31)","line":400,"loc":{"start":{"line":400,"column":45},"end":{"line":400,"column":71}}},"32":{"name":"(anonymous_32)","line":407,"loc":{"start":{"line":407,"column":30},"end":{"line":407,"column":41}}},"33":{"name":"___express","line":441,"loc":{"start":{"line":441,"column":34},"end":{"line":441,"column":85}}},"34":{"name":"parseLayout","line":462,"loc":{"start":{"line":462,"column":2},"end":{"line":462,"column":42}}},"35":{"name":"renderTemplate","line":479,"loc":{"start":{"line":479,"column":2},"end":{"line":479,"column":48}}},"36":{"name":"(anonymous_36)","line":494,"loc":{"start":{"line":494,"column":15},"end":{"line":494,"column":32}}},"37":{"name":"(anonymous_37)","line":499,"loc":{"start":{"line":499,"column":34},"end":{"line":499,"column":47}}},"38":{"name":"render","line":512,"loc":{"start":{"line":512,"column":2},"end":{"line":512,"column":57}}},"39":{"name":"(anonymous_39)","line":519,"loc":{"start":{"line":519,"column":25},"end":{"line":519,"column":48}}},"40":{"name":"loadBeautify","line":538,"loc":{"start":{"line":538,"column":2},"end":{"line":538,"column":26}}},"41":{"name":"getSourceTemplate","line":552,"loc":{"start":{"line":552,"column":2},"end":{"line":552,"column":33}}},"42":{"name":"(anonymous_42)","line":560,"loc":{"start":{"line":560,"column":34},"end":{"line":560,"column":56}}},"43":{"name":"compileFile","line":577,"loc":{"start":{"line":577,"column":2},"end":{"line":577,"column":35}}},"44":{"name":"(anonymous_44)","line":578,"loc":{"start":{"line":578,"column":22},"end":{"line":578,"column":54}}},"45":{"name":"(anonymous_45)","line":582,"loc":{"start":{"line":582,"column":36},"end":{"line":582,"column":67}}},"46":{"name":"renderIt","line":585,"loc":{"start":{"line":585,"column":8},"end":{"line":585,"column":43}}},"47":{"name":"(anonymous_47)","line":587,"loc":{"start":{"line":587,"column":61},"end":{"line":587,"column":81}}},"48":{"name":"(anonymous_48)","line":607,"loc":{"start":{"line":607,"column":54},"end":{"line":607,"column":85}}},"49":{"name":"(anonymous_49)","line":623,"loc":{"start":{"line":623,"column":40},"end":{"line":623,"column":54}}},"50":{"name":"(anonymous_50)","line":629,"loc":{"start":{"line":629,"column":32},"end":{"line":629,"column":46}}}},"statementMap":{"1":{"start":{"line":3,"column":0},"end":{"line":3,"column":23}},"2":{"start":{"line":4,"column":0},"end":{"line":4,"column":27}},"3":{"start":{"line":5,"column":0},"end":{"line":5,"column":35}},"4":{"start":{"line":6,"column":0},"end":{"line":6,"column":39}},"5":{"start":{"line":7,"column":0},"end":{"line":7,"column":31}},"6":{"start":{"line":12,"column":0},"end":{"line":12,"column":56}},"7":{"start":{"line":17,"column":0},"end":{"line":24,"column":2}},"8":{"start":{"line":18,"column":2},"end":{"line":18,"column":40}},"9":{"start":{"line":19,"column":2},"end":{"line":19,"column":47}},"10":{"start":{"line":20,"column":2},"end":{"line":20,"column":37}},"11":{"start":{"line":21,"column":2},"end":{"line":21,"column":23}},"12":{"start":{"line":22,"column":2},"end":{"line":22,"column":25}},"13":{"start":{"line":23,"column":2},"end":{"line":23,"column":27}},"14":{"start":{"line":34,"column":0},"end":{"line":39,"column":2}},"15":{"start":{"line":35,"column":2},"end":{"line":35,"column":49}},"16":{"start":{"line":37,"column":2},"end":{"line":37,"column":27}},"17":{"start":{"line":38,"column":2},"end":{"line":38,"column":13}},"18":{"start":{"line":50,"column":0},"end":{"line":53,"column":2}},"19":{"start":{"line":51,"column":2},"end":{"line":51,"column":60}},"20":{"start":{"line":52,"column":2},"end":{"line":52,"column":34}},"21":{"start":{"line":63,"column":0},"end":{"line":79,"column":2}},"22":{"start":{"line":64,"column":2},"end":{"line":65,"column":15}},"23":{"start":{"line":66,"column":2},"end":{"line":72,"column":3}},"24":{"start":{"line":67,"column":4},"end":{"line":67,"column":34}},"25":{"start":{"line":68,"column":9},"end":{"line":72,"column":3}},"26":{"start":{"line":69,"column":4},"end":{"line":69,"column":27}},"27":{"start":{"line":71,"column":4},"end":{"line":71,"column":25}},"28":{"start":{"line":73,"column":2},"end":{"line":77,"column":5}},"29":{"start":{"line":74,"column":4},"end":{"line":76,"column":5}},"30":{"start":{"line":75,"column":6},"end":{"line":75,"column":45}},"31":{"start":{"line":78,"column":2},"end":{"line":78,"column":20}},"32":{"start":{"line":88,"column":0},"end":{"line":99,"column":2}},"33":{"start":{"line":89,"column":2},"end":{"line":89,"column":41}},"34":{"start":{"line":90,"column":2},"end":{"line":98,"column":3}},"35":{"start":{"line":91,"column":4},"end":{"line":91,"column":28}},"36":{"start":{"line":94,"column":4},"end":{"line":96,"column":5}},"37":{"start":{"line":95,"column":6},"end":{"line":95,"column":53}},"38":{"start":{"line":97,"column":4},"end":{"line":97,"column":56}},"39":{"start":{"line":113,"column":0},"end":{"line":152,"column":2}},"40":{"start":{"line":114,"column":2},"end":{"line":114,"column":18}},"41":{"start":{"line":117,"column":2},"end":{"line":117,"column":75}},"42":{"start":{"line":117,"column":39},"end":{"line":117,"column":75}},"43":{"start":{"line":120,"column":2},"end":{"line":120,"column":47}},"44":{"start":{"line":121,"column":2},"end":{"line":121,"column":56}},"45":{"start":{"line":121,"column":23},"end":{"line":121,"column":56}},"46":{"start":{"line":123,"column":2},"end":{"line":151,"column":5}},"47":{"start":{"line":124,"column":4},"end":{"line":124,"column":28}},"48":{"start":{"line":124,"column":13},"end":{"line":124,"column":28}},"49":{"start":{"line":127,"column":4},"end":{"line":127,"column":68}},"50":{"start":{"line":130,"column":4},"end":{"line":139,"column":6}},"51":{"start":{"line":131,"column":6},"end":{"line":131,"column":24}},"52":{"start":{"line":132,"column":6},"end":{"line":132,"column":33}},"53":{"start":{"line":133,"column":6},"end":{"line":133,"column":52}},"54":{"start":{"line":134,"column":6},"end":{"line":134,"column":34}},"55":{"start":{"line":135,"column":6},"end":{"line":137,"column":7}},"56":{"start":{"line":136,"column":8},"end":{"line":136,"column":50}},"57":{"start":{"line":138,"column":6},"end":{"line":138,"column":24}},"58":{"start":{"line":141,"column":4},"end":{"line":150,"column":5}},"59":{"start":{"line":143,"column":6},"end":{"line":146,"column":9}},"60":{"start":{"line":144,"column":8},"end":{"line":144,"column":32}},"61":{"start":{"line":144,"column":17},"end":{"line":144,"column":32}},"62":{"start":{"line":145,"column":8},"end":{"line":145,"column":38}},"63":{"start":{"line":149,"column":6},"end":{"line":149,"column":25}},"64":{"start":{"line":157,"column":0},"end":{"line":201,"column":2}},"65":{"start":{"line":158,"column":2},"end":{"line":158,"column":18}},"66":{"start":{"line":160,"column":2},"end":{"line":162,"column":3}},"67":{"start":{"line":161,"column":4},"end":{"line":161,"column":42}},"68":{"start":{"line":165,"column":2},"end":{"line":165,"column":16}},"69":{"start":{"line":167,"column":2},"end":{"line":198,"column":3}},"70":{"start":{"line":168,"column":4},"end":{"line":197,"column":7}},"71":{"start":{"line":170,"column":6},"end":{"line":170,"column":73}},"72":{"start":{"line":173,"column":6},"end":{"line":173,"column":69}},"73":{"start":{"line":174,"column":6},"end":{"line":174,"column":21}},"74":{"start":{"line":177,"column":6},"end":{"line":177,"column":25}},"75":{"start":{"line":177,"column":18},"end":{"line":177,"column":25}},"76":{"start":{"line":178,"column":6},"end":{"line":178,"column":59}},"77":{"start":{"line":179,"column":6},"end":{"line":179,"column":45}},"78":{"start":{"line":180,"column":6},"end":{"line":180,"column":53}},"79":{"start":{"line":182,"column":6},"end":{"line":182,"column":79}},"80":{"start":{"line":184,"column":6},"end":{"line":184,"column":40}},"81":{"start":{"line":185,"column":6},"end":{"line":185,"column":57}},"82":{"start":{"line":188,"column":6},"end":{"line":188,"column":17}},"83":{"start":{"line":191,"column":6},"end":{"line":196,"column":7}},"84":{"start":{"line":192,"column":8},"end":{"line":192,"column":19}},"85":{"start":{"line":194,"column":8},"end":{"line":194,"column":45}},"86":{"start":{"line":195,"column":8},"end":{"line":195,"column":31}},"87":{"start":{"line":195,"column":16},"end":{"line":195,"column":31}},"88":{"start":{"line":200,"column":2},"end":{"line":200,"column":13}},"89":{"start":{"line":220,"column":0},"end":{"line":295,"column":2}},"90":{"start":{"line":221,"column":2},"end":{"line":221,"column":18}},"91":{"start":{"line":224,"column":2},"end":{"line":224,"column":29}},"92":{"start":{"line":224,"column":16},"end":{"line":224,"column":29}},"93":{"start":{"line":225,"column":2},"end":{"line":225,"column":49}},"94":{"start":{"line":225,"column":24},"end":{"line":225,"column":49}},"95":{"start":{"line":226,"column":2},"end":{"line":226,"column":75}},"96":{"start":{"line":226,"column":34},"end":{"line":226,"column":75}},"97":{"start":{"line":227,"column":2},"end":{"line":227,"column":66}},"98":{"start":{"line":227,"column":32},"end":{"line":227,"column":66}},"99":{"start":{"line":228,"column":2},"end":{"line":228,"column":61}},"100":{"start":{"line":228,"column":32},"end":{"line":228,"column":61}},"101":{"start":{"line":229,"column":2},"end":{"line":229,"column":63}},"102":{"start":{"line":229,"column":26},"end":{"line":229,"column":63}},"103":{"start":{"line":230,"column":2},"end":{"line":230,"column":60}},"104":{"start":{"line":230,"column":25},"end":{"line":230,"column":60}},"105":{"start":{"line":232,"column":2},"end":{"line":232,"column":26}},"106":{"start":{"line":233,"column":2},"end":{"line":233,"column":75}},"107":{"start":{"line":233,"column":32},"end":{"line":233,"column":75}},"108":{"start":{"line":235,"column":2},"end":{"line":247,"column":3}},"109":{"start":{"line":236,"column":4},"end":{"line":236,"column":28}},"110":{"start":{"line":237,"column":4},"end":{"line":241,"column":7}},"111":{"start":{"line":238,"column":6},"end":{"line":238,"column":55}},"112":{"start":{"line":239,"column":6},"end":{"line":239,"column":31}},"113":{"start":{"line":240,"column":6},"end":{"line":240,"column":52}},"114":{"start":{"line":242,"column":4},"end":{"line":246,"column":7}},"115":{"start":{"line":243,"column":6},"end":{"line":243,"column":55}},"116":{"start":{"line":244,"column":6},"end":{"line":244,"column":31}},"117":{"start":{"line":245,"column":6},"end":{"line":245,"column":53}},"118":{"start":{"line":249,"column":2},"end":{"line":264,"column":5}},"119":{"start":{"line":250,"column":4},"end":{"line":250,"column":31}},"120":{"start":{"line":251,"column":4},"end":{"line":253,"column":5}},"121":{"start":{"line":252,"column":6},"end":{"line":252,"column":29}},"122":{"start":{"line":255,"column":4},"end":{"line":262,"column":5}},"123":{"start":{"line":256,"column":6},"end":{"line":261,"column":7}},"124":{"start":{"line":257,"column":8},"end":{"line":260,"column":11}},"125":{"start":{"line":258,"column":10},"end":{"line":258,"column":54}},"126":{"start":{"line":259,"column":10},"end":{"line":259,"column":112}},"127":{"start":{"line":263,"column":4},"end":{"line":263,"column":15}},"128":{"start":{"line":267,"column":2},"end":{"line":269,"column":5}},"129":{"start":{"line":268,"column":4},"end":{"line":268,"column":45}},"130":{"start":{"line":272,"column":2},"end":{"line":272,"column":47}},"131":{"start":{"line":275,"column":2},"end":{"line":275,"column":45}},"132":{"start":{"line":278,"column":2},"end":{"line":278,"column":23}},"133":{"start":{"line":279,"column":2},"end":{"line":279,"column":44}},"134":{"start":{"line":282,"column":2},"end":{"line":282,"column":18}},"135":{"start":{"line":286,"column":2},"end":{"line":286,"column":19}},"136":{"start":{"line":289,"column":2},"end":{"line":289,"column":37}},"137":{"start":{"line":292,"column":2},"end":{"line":292,"column":40}},"138":{"start":{"line":294,"column":2},"end":{"line":294,"column":36}},"139":{"start":{"line":311,"column":0},"end":{"line":311,"column":62}},"140":{"start":{"line":318,"column":0},"end":{"line":328,"column":2}},"141":{"start":{"line":319,"column":2},"end":{"line":319,"column":18}},"142":{"start":{"line":320,"column":2},"end":{"line":320,"column":48}},"143":{"start":{"line":320,"column":36},"end":{"line":320,"column":48}},"144":{"start":{"line":321,"column":2},"end":{"line":321,"column":92}},"145":{"start":{"line":321,"column":47},"end":{"line":321,"column":92}},"146":{"start":{"line":323,"column":2},"end":{"line":327,"column":5}},"147":{"start":{"line":324,"column":4},"end":{"line":324,"column":28}},"148":{"start":{"line":324,"column":13},"end":{"line":324,"column":28}},"149":{"start":{"line":325,"column":4},"end":{"line":325,"column":53}},"150":{"start":{"line":326,"column":4},"end":{"line":326,"column":31}},"151":{"start":{"line":333,"column":0},"end":{"line":335,"column":2}},"152":{"start":{"line":334,"column":2},"end":{"line":334,"column":43}},"153":{"start":{"line":343,"column":0},"end":{"line":345,"column":2}},"154":{"start":{"line":344,"column":2},"end":{"line":344,"column":72}},"155":{"start":{"line":353,"column":0},"end":{"line":378,"column":2}},"156":{"start":{"line":356,"column":2},"end":{"line":358,"column":3}},"157":{"start":{"line":357,"column":4},"end":{"line":357,"column":85}},"158":{"start":{"line":359,"column":2},"end":{"line":361,"column":3}},"159":{"start":{"line":360,"column":4},"end":{"line":360,"column":18}},"160":{"start":{"line":363,"column":2},"end":{"line":363,"column":15}},"161":{"start":{"line":364,"column":2},"end":{"line":368,"column":3}},"162":{"start":{"line":365,"column":4},"end":{"line":365,"column":54}},"163":{"start":{"line":367,"column":4},"end":{"line":367,"column":47}},"164":{"start":{"line":370,"column":2},"end":{"line":376,"column":3}},"165":{"start":{"line":371,"column":4},"end":{"line":375,"column":5}},"166":{"start":{"line":372,"column":6},"end":{"line":372,"column":85}},"167":{"start":{"line":374,"column":6},"end":{"line":374,"column":96}},"168":{"start":{"line":377,"column":2},"end":{"line":377,"column":18}},"169":{"start":{"line":386,"column":0},"end":{"line":398,"column":2}},"170":{"start":{"line":387,"column":2},"end":{"line":397,"column":5}},"171":{"start":{"line":388,"column":4},"end":{"line":394,"column":5}},"172":{"start":{"line":389,"column":6},"end":{"line":391,"column":8}},"173":{"start":{"line":390,"column":8},"end":{"line":390,"column":49}},"174":{"start":{"line":393,"column":6},"end":{"line":393,"column":68}},"175":{"start":{"line":396,"column":4},"end":{"line":396,"column":49}},"176":{"start":{"line":400,"column":0},"end":{"line":402,"column":2}},"177":{"start":{"line":401,"column":2},"end":{"line":401,"column":50}},"178":{"start":{"line":407,"column":0},"end":{"line":409,"column":2}},"179":{"start":{"line":408,"column":2},"end":{"line":408,"column":26}},"180":{"start":{"line":441,"column":0},"end":{"line":637,"column":2}},"181":{"start":{"line":443,"column":2},"end":{"line":447,"column":3}},"182":{"start":{"line":444,"column":4},"end":{"line":444,"column":17}},"183":{"start":{"line":445,"column":4},"end":{"line":445,"column":21}},"184":{"start":{"line":446,"column":4},"end":{"line":446,"column":18}},"185":{"start":{"line":449,"column":2},"end":{"line":449,"column":61}},"186":{"start":{"line":450,"column":2},"end":{"line":450,"column":18}},"187":{"start":{"line":462,"column":2},"end":{"line":469,"column":3}},"188":{"start":{"line":463,"column":4},"end":{"line":463,"column":60}},"189":{"start":{"line":464,"column":4},"end":{"line":468,"column":5}},"190":{"start":{"line":465,"column":6},"end":{"line":465,"column":54}},"191":{"start":{"line":467,"column":6},"end":{"line":467,"column":21}},"192":{"start":{"line":479,"column":2},"end":{"line":505,"column":3}},"193":{"start":{"line":480,"column":4},"end":{"line":480,"column":12}},"194":{"start":{"line":482,"column":4},"end":{"line":491,"column":5}},"195":{"start":{"line":483,"column":6},"end":{"line":483,"column":60}},"196":{"start":{"line":485,"column":6},"end":{"line":489,"column":7}},"197":{"start":{"line":486,"column":8},"end":{"line":486,"column":69}},"198":{"start":{"line":487,"column":13},"end":{"line":489,"column":7}},"199":{"start":{"line":488,"column":8},"end":{"line":488,"column":64}},"200":{"start":{"line":490,"column":6},"end":{"line":490,"column":27}},"201":{"start":{"line":494,"column":4},"end":{"line":504,"column":7}},"202":{"start":{"line":497,"column":6},"end":{"line":497,"column":32}},"203":{"start":{"line":499,"column":6},"end":{"line":502,"column":9}},"204":{"start":{"line":500,"column":8},"end":{"line":500,"column":42}},"205":{"start":{"line":501,"column":8},"end":{"line":501,"column":100}},"206":{"start":{"line":503,"column":6},"end":{"line":503,"column":20}},"207":{"start":{"line":512,"column":2},"end":{"line":532,"column":3}},"208":{"start":{"line":513,"column":4},"end":{"line":513,"column":47}},"209":{"start":{"line":513,"column":26},"end":{"line":513,"column":47}},"210":{"start":{"line":517,"column":4},"end":{"line":517,"column":39}},"211":{"start":{"line":519,"column":4},"end":{"line":528,"column":6}},"212":{"start":{"line":520,"column":6},"end":{"line":520,"column":30}},"213":{"start":{"line":520,"column":15},"end":{"line":520,"column":30}},"214":{"start":{"line":522,"column":6},"end":{"line":527,"column":7}},"215":{"start":{"line":523,"column":8},"end":{"line":523,"column":30}},"216":{"start":{"line":524,"column":8},"end":{"line":524,"column":69}},"217":{"start":{"line":526,"column":8},"end":{"line":526,"column":26}},"218":{"start":{"line":531,"column":4},"end":{"line":531,"column":53}},"219":{"start":{"line":538,"column":2},"end":{"line":546,"column":3}},"220":{"start":{"line":539,"column":4},"end":{"line":545,"column":5}},"221":{"start":{"line":540,"column":6},"end":{"line":540,"column":50}},"222":{"start":{"line":541,"column":6},"end":{"line":541,"column":57}},"223":{"start":{"line":542,"column":6},"end":{"line":544,"column":7}},"224":{"start":{"line":543,"column":8},"end":{"line":543,"column":66}},"225":{"start":{"line":552,"column":2},"end":{"line":572,"column":3}},"226":{"start":{"line":553,"column":4},"end":{"line":558,"column":5}},"227":{"start":{"line":554,"column":6},"end":{"line":554,"column":38}},"228":{"start":{"line":555,"column":6},"end":{"line":557,"column":7}},"229":{"start":{"line":556,"column":8},"end":{"line":556,"column":52}},"230":{"start":{"line":560,"column":4},"end":{"line":571,"column":7}},"231":{"start":{"line":561,"column":6},"end":{"line":561,"column":30}},"232":{"start":{"line":561,"column":15},"end":{"line":561,"column":30}},"233":{"start":{"line":563,"column":6},"end":{"line":563,"column":52}},"234":{"start":{"line":564,"column":6},"end":{"line":569,"column":7}},"235":{"start":{"line":565,"column":8},"end":{"line":568,"column":10}},"236":{"start":{"line":570,"column":6},"end":{"line":570,"column":40}},"237":{"start":{"line":577,"column":2},"end":{"line":620,"column":3}},"238":{"start":{"line":578,"column":4},"end":{"line":619,"column":7}},"239":{"start":{"line":579,"column":6},"end":{"line":579,"column":30}},"240":{"start":{"line":579,"column":15},"end":{"line":579,"column":30}},"241":{"start":{"line":582,"column":6},"end":{"line":618,"column":9}},"242":{"start":{"line":583,"column":8},"end":{"line":583,"column":32}},"243":{"start":{"line":583,"column":17},"end":{"line":583,"column":32}},"244":{"start":{"line":585,"column":8},"end":{"line":594,"column":9}},"245":{"start":{"line":586,"column":10},"end":{"line":592,"column":11}},"246":{"start":{"line":587,"column":12},"end":{"line":591,"column":15}},"247":{"start":{"line":588,"column":14},"end":{"line":588,"column":38}},"248":{"start":{"line":588,"column":23},"end":{"line":588,"column":38}},"249":{"start":{"line":589,"column":14},"end":{"line":589,"column":29}},"250":{"start":{"line":590,"column":14},"end":{"line":590,"column":68}},"251":{"start":{"line":593,"column":10},"end":{"line":593,"column":63}},"252":{"start":{"line":598,"column":8},"end":{"line":617,"column":9}},"253":{"start":{"line":600,"column":10},"end":{"line":600,"column":25}},"254":{"start":{"line":601,"column":15},"end":{"line":617,"column":9}},"255":{"start":{"line":603,"column":10},"end":{"line":603,"column":36}},"256":{"start":{"line":604,"column":15},"end":{"line":617,"column":9}},"257":{"start":{"line":606,"column":10},"end":{"line":606,"column":69}},"258":{"start":{"line":607,"column":10},"end":{"line":610,"column":13}},"259":{"start":{"line":608,"column":12},"end":{"line":608,"column":36}},"260":{"start":{"line":608,"column":21},"end":{"line":608,"column":36}},"261":{"start":{"line":609,"column":12},"end":{"line":609,"column":38}},"262":{"start":{"line":611,"column":15},"end":{"line":617,"column":9}},"263":{"start":{"line":613,"column":10},"end":{"line":613,"column":48}},"264":{"start":{"line":616,"column":10},"end":{"line":616,"column":25}},"265":{"start":{"line":623,"column":2},"end":{"line":636,"column":5}},"266":{"start":{"line":624,"column":4},"end":{"line":624,"column":28}},"267":{"start":{"line":624,"column":13},"end":{"line":624,"column":28}},"268":{"start":{"line":628,"column":4},"end":{"line":633,"column":5}},"269":{"start":{"line":629,"column":6},"end":{"line":632,"column":9}},"270":{"start":{"line":630,"column":8},"end":{"line":630,"column":32}},"271":{"start":{"line":630,"column":17},"end":{"line":630,"column":32}},"272":{"start":{"line":631,"column":8},"end":{"line":631,"column":40}},"273":{"start":{"line":635,"column":4},"end":{"line":635,"column":36}},"274":{"start":{"line":639,"column":0},"end":{"line":639,"column":34}}},"branchMap":{"1":{"line":35,"type":"binary-expr","locations":[{"start":{"line":35,"column":13},"end":{"line":35,"column":30}},{"start":{"line":35,"column":34},"end":{"line":35,"column":36}}]},"2":{"line":51,"type":"binary-expr","locations":[{"start":{"line":51,"column":14},"end":{"line":51,"column":31}},{"start":{"line":51,"column":36},"end":{"line":51,"column":58}}]},"3":{"line":66,"type":"if","locations":[{"start":{"line":66,"column":2},"end":{"line":66,"column":2}},{"start":{"line":66,"column":2},"end":{"line":66,"column":2}}]},"4":{"line":68,"type":"if","locations":[{"start":{"line":68,"column":9},"end":{"line":68,"column":9}},{"start":{"line":68,"column":9},"end":{"line":68,"column":9}}]},"5":{"line":74,"type":"if","locations":[{"start":{"line":74,"column":4},"end":{"line":74,"column":4}},{"start":{"line":74,"column":4},"end":{"line":74,"column":4}}]},"6":{"line":90,"type":"if","locations":[{"start":{"line":90,"column":2},"end":{"line":90,"column":2}},{"start":{"line":90,"column":2},"end":{"line":90,"column":2}}]},"7":{"line":94,"type":"if","locations":[{"start":{"line":94,"column":4},"end":{"line":94,"column":4}},{"start":{"line":94,"column":4},"end":{"line":94,"column":4}}]},"8":{"l
[...]
The name of the partial as used in a template."," * @param {String} fn The `function(options, cb)`"," */","ExpressHbs.prototype.registerAsyncHelper = function(name, fn) {","  this.handlebars.registerHelper(name, function(context, options) {","    if (options && fn.length > 2) {","      var resolver = function(arr, cb) {","        return fn.call(this, arr[0], arr[1], cb);","      };","","      return async.resolve(resolver.bind(this), [context, options]);","    }","","    return async.resolve(fn.bind(this), context);","  });","};","","ExpressHbs.prototype.updateTemplateOptions = function(templateOptions) {","  this._options.templateOptions = templateOptions;","};","","/**"," * Creates a new instance of ExpressHbs."," */","ExpressHbs.prototype.create = function() {","  return new ExpressHbs();","};","","/**"," * express 3.x, 4.x template engine compliance"," *"," * @param {String} filename Full path to template."," * @param {Object} options Is the context or locals for templates. {"," *  {Object} settings - subset of Express settings, `settings.views` is"," *                      the views directory"," * }"," * @param {Function} cb The callback expecting the rendered template as a string."," *"," * @example"," *"," * Example options from express"," *"," *      {"," *        settings: {"," *           'x-powered-by': true,"," *           env: 'production',"," *           views: '/home/coder/barc/code/express-hbs/example/views',"," *           'jsonp callback name': 'callback',"," *           'view cache': true,"," *           'view engine': 'hbs'"," *         },"," *         cache: true,"," *"," *         // the rest are app-defined locals"," *         title: 'My favorite veggies',"," *         layout: 'layout/veggie'"," *       }"," */","ExpressHbs.prototype.___express = function ___express(filename, source, options, cb) {","  // support running as a gulp/grunt filter outside of express","  if (arguments.length === 3) {","    cb = options;","    options = source;","    source = null;","  }","","  this.viewsDir = options.settings.views || this.viewsDirOpt;","  var self = this;","","  /**","   * Allow a layout to be declared as a handlebars comment to remain spec","   * compatible with handlebars.","   *","   * Valid directives","   *","   *  {{!< foo}}                      # foo.hbs in same directory as template","   *  {{!< ../layouts/default}}       # default.hbs in parent layout directory","   *  {{!< ../layouts/default.html}}  # default.html in parent layout directory","   */","  function parseLayout(str, filename, cb) {","    var layoutFile = self.declaredLayoutFile(str, filename);","    if (layoutFile) {","      self.cacheLayout(layoutFile, options.cache, cb);","    } else {","      cb(null, null);","    }","  }","","  /**","   * Renders `template` with given `locals` and calls `cb` with the","   * resulting HTML string.","   *","   * @param template","   * @param locals","   * @param cb","   */","  function renderTemplate(template, locals, cb) {","    var res;","","    try {","      res = template(locals, self._options.templateOptions);","    } catch (err) {","      if (err.message) {","        err.message = '[' + template.__filename + '] ' + err.message;","      } else if (typeof err === 'string') {","        return cb('[' + template.__filename + '] ' + err, null);","      }","      return cb(err, null);","    }","","    // Wait for async helpers","    async.done(function(values) {","      // Save for layout. Block helpers are called within layout, not in the","      // current template.","      self.asyncValues = values;","","      Object.keys(values).forEach(function(id) {","        res = res.replace(id, values[id]);","        res = res.replace(self.Utils.escapeExpression(id), self.Utils.escapeExpression(values[id]));","      });","      cb(null, res);","    });","  }","","","  /**","   * Renders `template` with an optional set of nested `layoutTemplates` using","   * data in `locals`.","   */","  function render(template, locals, layoutTemplates, cb) {","    if (!layoutTemplates) layoutTemplates = [];","","    // We'll render templates from bottom to top of the stack, each template","    // being passed the rendered string of the previous ones as `body`","    var i = layoutTemplates.length - 1;","","    var _stackRenderer = function(err, htmlStr) {","      if (err) return cb(err);","","      if (i >= 0) {","        locals.body = htmlStr;","        renderTemplate(layoutTemplates[i--], locals, _stackRenderer);","      } else {","        cb(null, htmlStr);","      }","    };","","    // Start the rendering with the innermost page template","    renderTemplate(template, locals, _stackRenderer);","  }","","","  /**","   * Lazy loads js-beautify, which should not be used in production env.","   */","  function loadBeautify() {","    if (!self.beautify) {","      self.beautify = require('js-beautify').html;","      var rc = path.join(process.cwd(), '.jsbeautifyrc');","      if (fs.existsSync(rc)) {","        self.beautifyrc = JSON.parse(fs.readFileSync(rc, 'utf8'));","      }","    }","  }","","  /**","   * Gets the source and compiled template for filename either from the cache","   * or compiling it on the fly.","   */","  function getSourceTemplate(cb) {","    if (options.cache) {","      var info = self.cache[filename];","      if (info) {","        return cb(null, info.source, info.template);","      }","    }","","    fs.readFile(filename, 'utf8', function(err, source) {","      if (err) return cb(err);","","      var template = self.compile(source, filename);","      if (options.cache) {","        self.cache[filename] = {","          source: source,","          template: template","        };","      }","      return cb(null, source, template);","    });","  }","","  /**","   * Compiles a file into a template and a layoutTemplate, then renders it above.","   */","  function compileFile(locals, cb) {","    getSourceTemplate(function(err, source, template) {","      if (err) return cb(err);","","      // Try to get the layout","      parseLayout(source, filename, function(err, layoutTemplates) {","        if (err) return cb(err);","","        function renderIt(layoutTemplates) {","          if (self._options.beautify) {","            return render(template, locals, layoutTemplates, function(err, html) {","              if (err) return cb(err);","              loadBeautify();","              return cb(null, self.beautify(html, self.beautifyrc));","            });","          }","          return render(template, locals, layoutTemplates, cb);","        }","","        // Determine which layout to use","","        if (typeof options.layout !== 'undefined' && !options.layout) {","          // If options.layout is falsy, behave as if no layout should be used - suppress defaults","          renderIt(null);","        } else if (layoutTemplates) {","          // 1. Layout specified in template","          renderIt(layoutTemplates);","        } else if (typeof options.layout !== 'undefined' && options.layout) {","          // 2. Layout specified by options from render","          var layoutFile = self.layoutPath(filename, options.layout);","          self.cacheLayout(layoutFile, options.cache, function(err, layoutTemplates) {","            if (err) return cb(err);","            renderIt(layoutTemplates);","          });","        } else if (self.defaultLayoutTemplates) {","          // 3. Default layout specified when middleware was configured.","          renderIt(self.defaultLayoutTemplates);","        } else {","          // render without a template","          renderIt(null);","        }","      });","    });","  }","","  // kick it off by loading default template (if any)","  this.loadDefaultLayout(options.cache, function(err) {","    if (err) return cb(err);","","    // Force reloading of all partials if caching is not used. Inefficient but there","    // is no loading partial event.","    if (self.partialsDir && (!options.cache || !self.isPartialCachingComplete)) {","      return self.cachePartials(function(err) {","        if (err) return cb(err);","        return compileFile(options, cb);","      });","    }","","    return compileFile(options, cb);","  });","};","","module.exports = new ExpressHbs();",""],"l":{"3":1,"4":1,"5":1,"6":1,"7":1,"12":1,"17":1,"18":1,"19":1,"20":1,"21":1,"22":1,"23":1,"34":1,"35":0,"37":0,"38":0,"50":1,"51":0,"52":0,"63":1,"64":0,"66":0,"67":0,"68":0,"69":0,"71":0,"73":0,"74":0,"75":0,"78":0,"88":1,"89":0,"90":0,"91":0,"94":0,"95":0,"97":0,"113":1,"114":0,"117":0,"120":0,"121":0,"123":0,"124":0,"127":0,"130":0,"131":0,"132":0,"133":0,"134":0,"135":0,"136":0,"138":0,"141":0,"143":0,"144":0,"145":0,"149":0,"157":1,"158":0,"160":0,"161":0,"165":0,"167":1,"168":0,"170":0,"173":0,"174":0,"177":0,"178":0,"179":0,"180":0,"182":0,"184":0,"185":0,"188":0,"191":0,"192":0,"194":0,"195":0,"200":0,"220":1,"221":0,"224":0,"225":0,"226":0,"227":0,"228":0,"229":0,"230":0,"232":0,"233":0,"235":0,"236":0,"237":0,"238":0,"239":0,"240":0,"242":0,"243":0,"244":0,"245":0,"249":0,"250":0,"251":0,"252":0,"255":0,"256":0,"257":0,"258":0,"259":0,"263":0,"267":0,"268":0,"272":0,"275":0,"278":0,"279":0,"282":0,"286":0,"289":0,"292":0,"294":0,"311":1,"318":1,"319":0,"320":0,"321":0,"323":0,"324":0,"325":0,"326":0,"333":1,"334":0,"343":1,"344":0,"353":1,"356":0,"357":0,"359":0,"360":0,"363":0,"364":0,"365":0,"367":0,"370":0,"371":0,"372":0,"374":0,"377":0,"386":1,"387":0,"388":0,"389":0,"390":0,"393":0,"396":0,"400":1,"401":0,"407":1,"408":0,"441":1,"443":0,"444":0,"445":0,"446":0,"449":0,"450":0,"462":1,"463":0,"464":0,"465":0,"467":0,"479":1,"480":0,"482":0,"483":0,"485":0,"486":0,"487":0,"488":0,"490":0,"494":0,"497":0,"499":0,"500":0,"501":0,"503":0,"512":1,"513":0,"517":0,"519":0,"520":0,"522":0,"523":0,"524":0,"526":0,"531":0,"538":1,"539":0,"540":0,"541":0,"542":0,"543":0,"552":1,"553":0,"554":0,"555":0,"556":0,"560":0,"561":0,"563":0,"564":0,"565":0,"570":0,"577":1,"578":0,"579":0,"582":0,"583":0,"585":1,"586":0,"587":0,"588":0,"589":0,"590":0,"593":0,"598":0,"600":0,"601":0,"603":0,"604":0,"606":0,"607":0,"608":0,"609":0,"611":0,"613":0,"616":0,"623":0,"624":0,"628":0,"629":0,"630":0,"631":0,"635":0,"639":1}},"/home/travis/build/npmtest/node-npmtest-express-hbs/node_modules/express-hbs/lib/async.js":{"path":"/home/travis/build/npmtest/node-npmtest-express-hbs/node_modules/express-hbs/lib/async.js","s":{"1":1,"2":1,"3":0,"4":0,"5":0,"6":0,"7":1,"8":1,"9":0,"10":0,"11":0,"12":0,"13":0,"14":1,"15":0,"16":0,"17":1,"18":0,"19":0,"20":0,"21":0,"22":0,"23":0,"24":1,"25":0,"26":0,"27":0,"28":0,"29":0,"30":0,"31":1,"32":0,"33":0,"34":0,"35":0,"36":1,"37":0,"38":0,"39":0,"40":0,"41":0,"42":0,"43":0,"44":0,"45":1},"b":{"1":[0,0],"2":[0,0],"3":[0,0],"4":[0,0],"5":[0,0]},"f":{"1":0,"2":0,"3":0,"4":0,"5":0,"6":0,"7":0,"8":0,"9":0},"fnMap":{"1":{"name":"genId","line":7,"loc":{"start":{"line":7,"column":0},"end":{"line":7,"column":17}}},"2":{"name":"Waiter","line":19,"loc":{"start":{"line":19,"column":0},"end":{"line":19,"column":18}}},"3":{"name":"(anonymous_3)","line":29,"loc":{"start":{"line":29,"column":24},"end":{"line":29,"column":35}}},"4":{"name":"(anonymous_4)","line":35,"loc":{"start":{"line":35,"column":27},"end":{"line":35,"column":47}}},"5":{"name":"(anonymous_5)","line":50,"loc":{"start":{"line":50,"column":24},"end":{"line":50,"column":37}}},"6":{"name":"(anonymous_6)","line":57,"loc":{"start":{"line":57,"column":37},"end":{"line":57,"column":50}}},"7":{"name":"(anonymous_7)","line":65,"loc":{"start":{"line":65,"column":14},"end":{"line":65,"column":27}}},"8":{"name":"(anonymous_8)","line":75,"loc":{"start":{"line":75,"column":17},"end":{"line":75,"column":39}}},"9":{"name":"(anonymous_9)","line":83,"loc":{"start":{"line":83,"column":14},"end":{"line":83,"column":28}}}},"statementMap":{"1":{"start":{"line":5,"column":0},"end":{"line":5,"column":71}},"2":{"start":{"line":7,"column":0},"end":{"line":13,"column":1}},"3":{"start":{"line":8,"column":2},"end":{"line":8,"column":15}},"4":{"start":{"line":9,"column":2},"end":{"line":11,"column":3}},"5":{"start":{"line":10,"column":4},"end":{"line":10,"column":65}},"6":{"start":{"line":12,"column":2},"end":{"line":12,"column":13}},"7":{"start":{"line":17,"column":0},"end":{"line":17,"column":11}},"8":{"start":{"line":19,"column":0},"end":{"line":27,"column":1}},"9":{"start":{"line":20,"column":2},"end":{"line":20,"column":18}},"10":{"start":{"line":22,"column":2},"end":{"line":22,"column":19}},"11":{"start":{"line":24,"column":2},"end":{"line":24,"column":23}},"12":{"start":{"line":25,"column":2},"end":{"line":25,"column":24}},"13":{"start":{"line":26,"column":2},"end":{"line":26,"column":17}},"14":{"start":{"line":29,"column":0},"end":{"line":32,"column":2}},"15":{"start":{"line":30,"column":2},"end":{"line":30,"column":18}},"16":{"start":{"line":31,"column":2},"end":{"line":31,"column":15}},"17":{"start":{"line":35,"column":0},"end":{"line":46,"column":2}},"18":{"start":{"line":36,"column":2},"end":{"line":36,"column":18}},"19":{"start":{"line":37,"column":2},"end":{"line":37,"column":26}},"20":{"start":{"line":39,"column":2},"end":{"line":45,"column":3}},"21":{"start":{"line":40,"column":4},"end":{"line":40,"column":25}},"22":{"start":{"line":42,"column":4},"end":{"line":44,"column":5}},"23":{"start":{"line":43,"column":6},"end":{"line":43,"column":33}},"24":{"start":{"line":50,"column":0},"end":{"line":61,"column":2}},"25":{"start":{"line":51,"column":2},"end":{"line":51,"column":18}},"26":{"start":{"line":53,"column":2},"end":{"line":53,"column":21}},"27":{"start":{"line":54,"column":2},"end":{"line":60,"column":3}},"28":{"start":{"line":55,"column":4},"end":{"line":55,"column":20}},"29":{"start":{"line":57,"column":4},"end":{"line":59,"column":7}},"30":{"start":{"line":58,"column":6},"end":{"line":58,"column":29}},"31":{"start":{"line":65,"column":0},"end":{"line":73,"column":2}},"32":{"start":{"line":67,"column":2},"end":{"line":69,"column":3}},"33":{"start":{"line":68,"column":4},"end":{"line":68,"column":18}},"34":{"start":{"line":70,"column":2},"end":{"line":70,"column":18}},"35":{"start":{"line":72,"column":2},"end":{"line":72,"column":21}},"36":{"start":{"line":75,"column":0},"end":{"line":88,"column":2}},"37":{"start":{"line":77,"column":2},"end":{"line":79,"column":3}},"38":{"start":{"line":78,"column":4},"end":{"line":78,"column":26}},"39":{"start":{"line":80,"column":2},"end":{"line":80,"column":43}},"40":{"start":{"line":81,"column":2},"end":{"line":81,"column":25}},"41":{"start":{"line":82,"column":2},"end":{"line":82,"column":16}},"42":{"start":{"line":83,"column":2},"end":{"line":85,"column":5}},"43":{"start":{"line":84,"column":4},"end":{"line":84,"column":31}},"44":{"start":{"line":87,"column":2},"end":{"line":87,"column":12}},"45":{"start":{"line":90,"column":0},"end":{"line":90,"column":24}}},"branchMap":{"1":{"line":39,"type":"if","locations":[{"start":{"line":39,"column":2},"end":{"line":39,"column":2}},{"start":{"line":39,"column":2},"end":{"line":39,"column":2}}]},"2":{"line":42,"type":"if","locations":[{"start":{"line":42,"column":4},"end":{"line":42,"column":4}},{"start":{"line":42,"column":4},"end":{"line":42,"column":4}}]},"3":{"line":54,"type":"if","locations":[{"start":{"line":54,"column":2},"end":{"line":54,"column":2}},{"start":{"line":54,"column":2},"end":{"line":54,"column":2}}]},"4":{"line":67,"type":"if","locations":[{"start":{"line":67,"column":2},"end":{"line":67,"column":2}},{"start":{"line":67,"column":2},"end":{"line":67,"column":2}}]},"5":{"line":77,"type":"if","locations":[{"start":{"line":77,"column":2},"end":{"line":77,"column":2}},{"start":{"line":77,"column":2},"end":{"line":77,"column":2}}]}},"code":["'use strict';","","/// provides the async helper functionality","","var alphabet = 'ABCDEFGHIJKLMNOPQRSTUVWXYZabcdefghijklmnopqrstuvwxyz_';","","function genId() {","  var res = '';","  for (var i = 0; i < 8; ++i) {","    res += alphabet[Math.floor(Math.random() * alphabet.length)];","  }","  return res;","}","","// global baton which contains the current","// set of deferreds","var waiter;","","function Waiter() {","  var self = this;","  // found values","  self.values = {};","  // callback when done","  self.callback = null;","  self.resolved = false;","  self.count = 0;","}","","Waiter.prototype.wait = function() {","  var self = this;","  ++self.count;","};","","// resolve the promise","Waiter.prototype.resolve = function(name, val) {","  var self = this;","  self.values[name] = val;","  // done with all items","  if (--self.count === 0) {","    self.resolved = true;","    // we may not have a done callback yet","    if (self.callback) {","      self.callback(self.values);","    }","  }","};","","// sets the done callback for the waiter","// notifies when the promise is complete","Waiter.prototype.done = function(fn) {","  var self = this;","","  self.callback = fn;","  if (self.resolved) {","    fn(self.values);","    // free mem","    Object.keys(self.values).forEach(function(id) {","      self.values[id] = null;","    });","  }","};","","// callback fn when all async helpers have finished running","// if there were no async helpers, then it will callback right away","Waiter.done = function(fn) {","  // no async things called","  if (!waiter) {","    return fn({});","  }","  waiter.done(fn);","  // clear the waiter for the next template","  waiter = undefined;","};","","Waiter.resolve = function(fn, context) {","  // we want to do async things, need a waiter for that","  if (!waiter) {","    waiter = new Waiter();","  }","  var id = '__aSyNcId_<_' + genId() + '__';","  var curWaiter = waiter;","  waiter.wait();","  fn(context, function(res) {","    curWaiter.resolve(id, res);","  });","  // return the id placeholder, which is replaced later","  return id;","};","","module.exports = Waiter;",""],"l":{"5":1,"7":1,"8":0,"9":0,"10":0,"12":0,"17":1,"19":1,"20":0,"22":0,"24":0,"25":0,"26":0,"29":1,"30":0,"31":0,"35":1,"36":0,"37":0,"39":0,"40":0,"42":0,"43":0,"50":1,"51":0,"53":0,"54":0,"55":0,"57":0,"58":0,"65":1,"67":0,"68":0,"70":0,"72":0,"75":1,"77":0,"78":0,"80":0,"81":0,"82":0,"83":0,"84":0,"87":0,"90":1}},"/home/travis/build/npmtest/node-npmtest-express-hbs/node_modules/express-hbs/gruntfile.js":{"path":"/home/travis/build/npmtest/node-npmtest-express-hbs/node_modules/express-hbs/gruntfile.js","s":{"1":1,"2":0,"3":0,"4":0,"5":0,"6":0,"7":0},"b":{},"f":{"1":0,"2":0},"fnMap":{"1":{"name":"configureGrunt","line":1,"loc":{"start":{"line":1,"column":17},"end":{"line":1,"column":48}}},"2":{"name":"(anonymous_2)","line":24,"loc":{"start":{"line":24,"column":41},"end":{"line":24,"column":53}}}},"statementMap":{"1":{"start":{"line":1,"column":0},"end":{"line":34,"column":2}},"2":{"start":{"line":2,"column":2},"end":{"line":22,"column":5}},"3":{"start":{"line":24,"column":2},"end":{"line":27,"column":5}},"4":{"start":{"line":26,"column":4},"end":{"line":26,"column":40}},"5":{"start":{"line":29,"column":2},"end":{"line":29,"column":40}},"6":{"start":{"line":30,"column":2},"end":{"line":30,"column":38}},"7":{"start":{"line":33,"column":2},"end":{"line":33,"column":86}}},"branchMap":{},"code":["module.exports = function configureGrunt(grunt) {","  grunt.initConfig({","    pkg: grunt.file.readJSON('package.json'),","","    mochacli: {","      options: {","        ui: 'bdd',","        reporter: 'spec'","      },","","      all: {","        src: ['test/*.js']","      }","    },","","    release: {","      github: {","        repo: 'barc/express-hbs',","        accessTokenVar: 'GITHUB_ACCESS_TOKEN'","      }","    }","  });","","  grunt.registerTask('setProductionEnv', function () {","    // Use 'production' config","    process.env.NODE_ENV = 'production';","  });","","  grunt.loadNpmTasks('grunt-mocha-cli');","  grunt.loadNpmTasks('grunt-release');","","  // Run tests","  grunt.registerTask('default', ['mochacli:all', 'setProductionEnv', 'mochacli:all']);","};",""],"l":{"1":1,"2":0,"24":0,"26":0,"29":0,"30":0,"33":0}}}